Added Component: Designator=BR1(TO750P480X2500X1900-4P)
Add component (AddParameter): Name = "Datasheet Link"; Value = "https://componentsearchengine.com//KBJ608G.pdf"; VariantName = "[No Variations]"
Add component (AddParameter): Name = "Height"; Value = "4.8mm"; VariantName = "[No Variations]"
Add component (AddParameter): Name = "Manufacturer_Name"; Value = "Diodes Inc."; VariantName = "[No Variations]"
Add component (AddParameter): Name = "Manufacturer_Part_Number"; Value = "KBJ608G"; VariantName = "[No Variations]"
Add component (AddParameter): Name = "Mouser2 Part Number"; Value = "621-KBJ608G"; VariantName = "[No Variations]"
Add component (AddParameter): Name = "Mouser2 Price/Stock"; Value = "https://www.mouser.com/Search/Refine.aspx?Keyword=621-KBJ608G"; VariantName = "[No Variations]"
Added Component: Designator=BR2(TO750P480X2500X1900-4P)
Add component (AddParameter): Name = "Datasheet Link"; Value = "https://componentsearchengine.com//KBJ608G.pdf"; VariantName = "[No Variations]"
Add component (AddParameter): Name = "Height"; Value = "4.8mm"; VariantName = "[No Variations]"
Add component (AddParameter): Name = "Manufacturer_Name"; Value = "Diodes Inc."; VariantName = "[No Variations]"
Add component (AddParameter): Name = "Manufacturer_Part_Number"; Value = "KBJ608G"; VariantName = "[No Variations]"
Add component (AddParameter): Name = "Mouser2 Part Number"; Value = "621-KBJ608G"; VariantName = "[No Variations]"
Add component (AddParameter): Name = "Mouser2 Price/Stock"; Value = "https://www.mouser.com/Search/Refine.aspx?Keyword=621-KBJ608G"; VariantName = "[No Variations]"
Added Component: Designator=C1(CAPPRD1000W80D2200H3700)
Add component (AddParameter): Name = "Datasheet Link"; Value = "https://componentsearchengine.com//ESK478M050AQ3AA.pdf"; VariantName = "[No Variations]"
Add component (AddParameter): Name = "Height"; Value = "37mm"; VariantName = "[No Variations]"
Add component (AddParameter): Name = "Manufacturer_Name"; Value = "Kemet"; VariantName = "[No Variations]"
Add component (AddParameter): Name = "Manufacturer_Part_Number"; Value = "ESK478M050AQ3AA"; VariantName = "[No Variations]"
Add component (AddParameter): Name = "Mouser2 Part Number"; Value = "80-ESK478M050AQ3AA"; VariantName = "[No Variations]"
Add component (AddParameter): Name = "Mouser2 Price/Stock"; Value = "https://www.mouser.com/Search/Refine.aspx?Keyword=80-ESK478M050AQ3AA"; VariantName = "[No Variations]"
Added Component: Designator=C2(CAPPRD200W52D500H1250)
Add component (AddParameter): Name = "Datasheet Link"; Value = "https://katalog.we-online.de/pbs/datasheet/860240672002.pdf"; VariantName = "[No Variations]"
Add component (AddParameter): Name = "Height"; Value = "12.5mm"; VariantName = "[No Variations]"
Add component (AddParameter): Name = "Manufacturer_Name"; Value = "Wurth Elektronik"; VariantName = "[No Variations]"
Add component (AddParameter): Name = "Manufacturer_Part_Number"; Value = "860240672002"; VariantName = "[No Variations]"
Add component (AddParameter): Name = "Mouser2 Part Number"; Value = ""; VariantName = "[No Variations]"
Add component (AddParameter): Name = "Mouser2 Price/Stock"; Value = ""; VariantName = "[No Variations]"
Added Component: Designator=C3(CAPC2012X88N)
Add component (AddParameter): Name = "Datasheet Link"; Value = "https://ad.componentsearchengine.com/Datasheets/2/C0805C104K8RACAUTO.pdf"; VariantName = "[No Variations]"
Add component (AddParameter): Name = "Height"; Value = "0.88mm"; VariantName = "[No Variations]"
Add component (AddParameter): Name = "Manufacturer_Name"; Value = "Kemet"; VariantName = "[No Variations]"
Add component (AddParameter): Name = "Manufacturer_Part_Number"; Value = "C0805C104K8RACAUTO"; VariantName = "[No Variations]"
Add component (AddParameter): Name = "Mouser2 Part Number"; Value = ""; VariantName = "[No Variations]"
Add component (AddParameter): Name = "Mouser2 Price/Stock"; Value = ""; VariantName = "[No Variations]"
Added Component: Designator=C4(CAPPRD750W82D1800H2700)
Add component (AddParameter): Name = "Datasheet Link"; Value = "https://www.we-online.de/katalog/datasheet/860241181006.pdf"; VariantName = "[No Variations]"
Add component (AddParameter): Name = "Height"; Value = "27mm"; VariantName = "[No Variations]"
Add component (AddParameter): Name = "Manufacturer_Name"; Value = "Wurth Elektronik"; VariantName = "[No Variations]"
Add component (AddParameter): Name = "Manufacturer_Part_Number"; Value = "860241181006"; VariantName = "[No Variations]"
Add component (AddParameter): Name = "Mouser2 Part Number"; Value = ""; VariantName = "[No Variations]"
Add component (AddParameter): Name = "Mouser2 Price/Stock"; Value = ""; VariantName = "[No Variations]"
Added Component: Designator=C5(CAPPRD200W52D500H1250)
Add component (AddParameter): Name = "Datasheet Link"; Value = "https://katalog.we-online.de/pbs/datasheet/860240672002.pdf"; VariantName = "[No Variations]"
Add component (AddParameter): Name = "Height"; Value = "12.5mm"; VariantName = "[No Variations]"
Add component (AddParameter): Name = "Manufacturer_Name"; Value = "Wurth Elektronik"; VariantName = "[No Variations]"
Add component (AddParameter): Name = "Manufacturer_Part_Number"; Value = "860240672002"; VariantName = "[No Variations]"
Add component (AddParameter): Name = "Mouser2 Part Number"; Value = ""; VariantName = "[No Variations]"
Add component (AddParameter): Name = "Mouser2 Price/Stock"; Value = ""; VariantName = "[No Variations]"
Add Component: Footprint Not Found WCAP-CSGP_0805_L2W1.25H0.8_Reflow
Add Component: Footprint Not Found WCAP-CSGP_0805_L2W1.25H0.8_Reflow
Added Component: Designator=C8(CAPC2012X88N)
Add component (AddParameter): Name = "Datasheet Link"; Value = "https://ad.componentsearchengine.com/Datasheets/2/C0805C104K8RACAUTO.pdf"; VariantName = "[No Variations]"
Add component (AddParameter): Name = "Height"; Value = "0.88mm"; VariantName = "[No Variations]"
Add component (AddParameter): Name = "Manufacturer_Name"; Value = "Kemet"; VariantName = "[No Variations]"
Add component (AddParameter): Name = "Manufacturer_Part_Number"; Value = "C0805C104K8RACAUTO"; VariantName = "[No Variations]"
Add component (AddParameter): Name = "Mouser2 Part Number"; Value = ""; VariantName = "[No Variations]"
Add component (AddParameter): Name = "Mouser2 Price/Stock"; Value = ""; VariantName = "[No Variations]"
Added Component: Designator=C9(CAPC2012X88N)
Add component (AddParameter): Name = "Datasheet Link"; Value = "https://ad.componentsearchengine.com/Datasheets/2/C0805C104K8RACAUTO.pdf"; VariantName = "[No Variations]"
Add component (AddParameter): Name = "Height"; Value = "0.88mm"; VariantName = "[No Variations]"
Add component (AddParameter): Name = "Manufacturer_Name"; Value = "Kemet"; VariantName = "[No Variations]"
Add component (AddParameter): Name = "Manufacturer_Part_Number"; Value = "C0805C104K8RACAUTO"; VariantName = "[No Variations]"
Add component (AddParameter): Name = "Mouser2 Part Number"; Value = ""; VariantName = "[No Variations]"
Add component (AddParameter): Name = "Mouser2 Price/Stock"; Value = ""; VariantName = "[No Variations]"
Added Component: Designator=C10(CAPPRD200W52D500H1250)
Add component (AddParameter): Name = "Datasheet Link"; Value = "https://katalog.we-online.de/pbs/datasheet/860240672002.pdf"; VariantName = "[No Variations]"
Add component (AddParameter): Name = "Height"; Value = "12.5mm"; VariantName = "[No Variations]"
Add component (AddParameter): Name = "Manufacturer_Name"; Value = "Wurth Elektronik"; VariantName = "[No Variations]"
Add component (AddParameter): Name = "Manufacturer_Part_Number"; Value = "860240672002"; VariantName = "[No Variations]"
Add component (AddParameter): Name = "Mouser2 Part Number"; Value = ""; VariantName = "[No Variations]"
Add component (AddParameter): Name = "Mouser2 Price/Stock"; Value = ""; VariantName = "[No Variations]"
Added Component: Designator=C11(CAPC2012X88N)
Add component (AddParameter): Name = "Datasheet Link"; Value = "https://ad.componentsearchengine.com/Datasheets/2/C0805C104K8RACAUTO.pdf"; VariantName = "[No Variations]"
Add component (AddParameter): Name = "Height"; Value = "0.88mm"; VariantName = "[No Variations]"
Add component (AddParameter): Name = "Manufacturer_Name"; Value = "Kemet"; VariantName = "[No Variations]"
Add component (AddParameter): Name = "Manufacturer_Part_Number"; Value = "C0805C104K8RACAUTO"; VariantName = "[No Variations]"
Add component (AddParameter): Name = "Mouser2 Part Number"; Value = ""; VariantName = "[No Variations]"
Add component (AddParameter): Name = "Mouser2 Price/Stock"; Value = ""; VariantName = "[No Variations]"
Add Component: Footprint Not Found WCAP-CSGP_0805_L2W1.25H0.8_Reflow
Add Component: Footprint Not Found WCAP-CSGP_0805_L2W1.25H0.8_Reflow
Added Component: Designator=C14(CAPC2012X88N)
Add component (AddParameter): Name = "Datasheet Link"; Value = "https://ad.componentsearchengine.com/Datasheets/2/C0805C104K8RACAUTO.pdf"; VariantName = "[No Variations]"
Add component (AddParameter): Name = "Height"; Value = "0.88mm"; VariantName = "[No Variations]"
Add component (AddParameter): Name = "Manufacturer_Name"; Value = "Kemet"; VariantName = "[No Variations]"
Add component (AddParameter): Name = "Manufacturer_Part_Number"; Value = "C0805C104K8RACAUTO"; VariantName = "[No Variations]"
Add component (AddParameter): Name = "Mouser2 Part Number"; Value = ""; VariantName = "[No Variations]"
Add component (AddParameter): Name = "Mouser2 Price/Stock"; Value = ""; VariantName = "[No Variations]"
Added Component: Designator=C20(CAPPRD750W82D1800H2700)
Add component (AddParameter): Name = "Datasheet Link"; Value = "https://www.we-online.de/katalog/datasheet/860241181006.pdf"; VariantName = "[No Variations]"
Add component (AddParameter): Name = "Height"; Value = "27mm"; VariantName = "[No Variations]"
Add component (AddParameter): Name = "Manufacturer_Name"; Value = "Wurth Elektronik"; VariantName = "[No Variations]"
Add component (AddParameter): Name = "Manufacturer_Part_Number"; Value = "860241181006"; VariantName = "[No Variations]"
Add component (AddParameter): Name = "Mouser2 Part Number"; Value = ""; VariantName = "[No Variations]"
Add component (AddParameter): Name = "Mouser2 Price/Stock"; Value = ""; VariantName = "[No Variations]"
Added Component: Designator=C21(CAPC2012X88N)
Add component (AddParameter): Name = "Datasheet Link"; Value = "https://ad.componentsearchengine.com/Datasheets/2/C0805C104K8RACAUTO.pdf"; VariantName = "[No Variations]"
Add component (AddParameter): Name = "Height"; Value = "0.88mm"; VariantName = "[No Variations]"
Add component (AddParameter): Name = "Manufacturer_Name"; Value = "Kemet"; VariantName = "[No Variations]"
Add component (AddParameter): Name = "Manufacturer_Part_Number"; Value = "C0805C104K8RACAUTO"; VariantName = "[No Variations]"
Add component (AddParameter): Name = "Mouser2 Part Number"; Value = ""; VariantName = "[No Variations]"
Add component (AddParameter): Name = "Mouser2 Price/Stock"; Value = ""; VariantName = "[No Variations]"
Added Component: Designator=C22(CAPC2012X100N)
Add component (AddParameter): Name = "Datasheet Link"; Value = "https://componentsearchengine.com//C0805C103K1HACAUTO.pdf"; VariantName = "[No Variations]"
Add component (AddParameter): Name = "Height"; Value = "1mm"; VariantName = "[No Variations]"
Add component (AddParameter): Name = "Manufacturer_Name"; Value = "Kemet"; VariantName = "[No Variations]"
Add component (AddParameter): Name = "Manufacturer_Part_Number"; Value = "C0805C103K1HACAUTO"; VariantName = "[No Variations]"
Add component (AddParameter): Name = "Mouser2 Part Number"; Value = "80-C0805C103K1HAUTO"; VariantName = "[No Variations]"
Add component (AddParameter): Name = "Mouser2 Price/Stock"; Value = "https://www.mouser.com/Search/Refine.aspx?Keyword=80-C0805C103K1HAUTO"; VariantName = "[No Variations]"
Added Component: Designator=C23(CAPC2012X100N)
Add component (AddParameter): Name = "Datasheet Link"; Value = "https://componentsearchengine.com//C0805C103K1HACAUTO.pdf"; VariantName = "[No Variations]"
Add component (AddParameter): Name = "Height"; Value = "1mm"; VariantName = "[No Variations]"
Add component (AddParameter): Name = "Manufacturer_Name"; Value = "Kemet"; VariantName = "[No Variations]"
Add component (AddParameter): Name = "Manufacturer_Part_Number"; Value = "C0805C103K1HACAUTO"; VariantName = "[No Variations]"
Add component (AddParameter): Name = "Mouser2 Part Number"; Value = "80-C0805C103K1HAUTO"; VariantName = "[No Variations]"
Add component (AddParameter): Name = "Mouser2 Price/Stock"; Value = "https://www.mouser.com/Search/Refine.aspx?Keyword=80-C0805C103K1HAUTO"; VariantName = "[No Variations]"
Added Component: Designator=C24(CAPC2012X100N)
Add component (AddParameter): Name = "Datasheet Link"; Value = "https://componentsearchengine.com//C0805C103K1HACAUTO.pdf"; VariantName = "[No Variations]"
Add component (AddParameter): Name = "Height"; Value = "1mm"; VariantName = "[No Variations]"
Add component (AddParameter): Name = "Manufacturer_Name"; Value = "Kemet"; VariantName = "[No Variations]"
Add component (AddParameter): Name = "Manufacturer_Part_Number"; Value = "C0805C103K1HACAUTO"; VariantName = "[No Variations]"
Add component (AddParameter): Name = "Mouser2 Part Number"; Value = "80-C0805C103K1HAUTO"; VariantName = "[No Variations]"
Add component (AddParameter): Name = "Mouser2 Price/Stock"; Value = "https://www.mouser.com/Search/Refine.aspx?Keyword=80-C0805C103K1HAUTO"; VariantName = "[No Variations]"
Added Component: Designator=D1(DIOAD1410W90L470D235)
Add component (AddParameter): Name = "Datasheet Link"; Value = "https://www.arrow.com/en/products/1n4007-b/rectron"; VariantName = "[No Variations]"
Add component (AddParameter): Name = "Manufacturer_Name"; Value = "Rectron"; VariantName = "[No Variations]"
Add component (AddParameter): Name = "Manufacturer_Part_Number"; Value = "1N4007-B"; VariantName = "[No Variations]"
Add component (AddParameter): Name = "Mouser2 Part Number"; Value = ""; VariantName = "[No Variations]"
Add component (AddParameter): Name = "Mouser2 Price/Stock"; Value = ""; VariantName = "[No Variations]"
Added Component: Designator=D2(AFL-W2C8.9D)
Add component (AddParameter): Name = "Copyright"; Value = "Copyright (C) 2022 Ultra Librarian. All rights reserved."; VariantName = "[No Variations]"
Add component (AddParameter): Name = "Manufacturer_Part_Number"; Value = "1N5231B"; VariantName = "[No Variations]"
Add component (AddParameter): Name = "Mfr_Name"; Value = "onsemi"; VariantName = "[No Variations]"
Add component (AddParameter): Name = "RefDes"; Value = "RefDes"; VariantName = "[No Variations]"
Add component (AddParameter): Name = "Type"; Value = "DEV"; VariantName = "[No Variations]"
Added Component: Designator=D3(DIOAD1165W56L425D185)
Add component (AddParameter): Name = "Datasheet Link"; Value = "https://datasheet.datasheetarchive.com/originals/distributors/Datasheets-112/DSAP0040891.pdf"; VariantName = "[No Variations]"
Add component (AddParameter): Name = "Manufacturer_Name"; Value = "Nexperia"; VariantName = "[No Variations]"
Add component (AddParameter): Name = "Manufacturer_Part_Number"; Value = "1N4148"; VariantName = "[No Variations]"
Add component (AddParameter): Name = "Mouser2 Part Number"; Value = ""; VariantName = "[No Variations]"
Add component (AddParameter): Name = "Mouser2 Price/Stock"; Value = ""; VariantName = "[No Variations]"
Added Component: Designator=DS1(WL-T7DS_L17.5W12.4H7)
Add component (AddParameter): Name = "Circuitry"; Value = "Common Anode"; VariantName = "[No Variations]"
Add component (AddParameter): Name = "ComponentLink1Description"; Value = "Manufacturer Link"; VariantName = "[No Variations]"
Add component (AddParameter): Name = "ComponentLink1URL"; Value = "http://www.we-online.de"; VariantName = "[No Variations]"
Add component (AddParameter): Name = "ComponentLink2Description"; Value = "Datasheet"; VariantName = "[No Variations]"
Add component (AddParameter): Name = "ComponentLink2URL"; Value = "https://www.we-online.com/catalog/datasheet/157136S12801.pdf"; VariantName = "[No Variations]"
Add component (AddParameter): Name = "Display Height"; Value = "0.52" / 13.2mm"; VariantName = "[No Variations]"
Add component (AddParameter): Name = "Emitting Color"; Value = "Super Red"; VariantName = "[No Variations]"
Add component (AddParameter): Name = "Forward Voltage"; Value = "2V"; VariantName = "[No Variations]"
Add component (AddParameter): Name = "Height"; Value = "7mm"; VariantName = "[No Variations]"
Add component (AddParameter): Name = "Length"; Value = "17.5mm"; VariantName = "[No Variations]"
Add component (AddParameter): Name = "Luminous Intensity"; Value = "38mcd"; VariantName = "[No Variations]"
Add component (AddParameter): Name = "Manufacturer"; Value = "Wurth Elektronik"; VariantName = "[No Variations]"
Add component (AddParameter): Name = "Manufacturer Part Number"; Value = "157136S12801"; VariantName = "[No Variations]"
Add component (AddParameter): Name = "Mounting Technology"; Value = "THT"; VariantName = "[No Variations]"
Add component (AddParameter): Name = "Operating Temperature max."; Value = "85C"; VariantName = "[No Variations]"
Add component (AddParameter): Name = "Operating Temperature min."; Value = "-40C"; VariantName = "[No Variations]"
Add component (AddParameter): Name = "Packaging"; Value = "Tube"; VariantName = "[No Variations]"
Add component (AddParameter): Name = "Width"; Value = "12.4mm"; VariantName = "[No Variations]"
Added Component: Designator=DS2(WL-T7DS_L17.5W12.4H7)
Add component (AddParameter): Name = "Circuitry"; Value = "Common Anode"; VariantName = "[No Variations]"
Add component (AddParameter): Name = "ComponentLink1Description"; Value = "Manufacturer Link"; VariantName = "[No Variations]"
Add component (AddParameter): Name = "ComponentLink1URL"; Value = "http://www.we-online.de"; VariantName = "[No Variations]"
Add component (AddParameter): Name = "ComponentLink2Description"; Value = "Datasheet"; VariantName = "[No Variations]"
Add component (AddParameter): Name = "ComponentLink2URL"; Value = "https://www.we-online.com/catalog/datasheet/157136S12801.pdf"; VariantName = "[No Variations]"
Add component (AddParameter): Name = "Display Height"; Value = "0.52" / 13.2mm"; VariantName = "[No Variations]"
Add component (AddParameter): Name = "Emitting Color"; Value = "Super Red"; VariantName = "[No Variations]"
Add component (AddParameter): Name = "Forward Voltage"; Value = "2V"; VariantName = "[No Variations]"
Add component (AddParameter): Name = "Height"; Value = "7mm"; VariantName = "[No Variations]"
Add component (AddParameter): Name = "Length"; Value = "17.5mm"; VariantName = "[No Variations]"
Add component (AddParameter): Name = "Luminous Intensity"; Value = "38mcd"; VariantName = "[No Variations]"
Add component (AddParameter): Name = "Manufacturer"; Value = "Wurth Elektronik"; VariantName = "[No Variations]"
Add component (AddParameter): Name = "Manufacturer Part Number"; Value = "157136S12801"; VariantName = "[No Variations]"
Add component (AddParameter): Name = "Mounting Technology"; Value = "THT"; VariantName = "[No Variations]"
Add component (AddParameter): Name = "Operating Temperature max."; Value = "85C"; VariantName = "[No Variations]"
Add component (AddParameter): Name = "Operating Temperature min."; Value = "-40C"; VariantName = "[No Variations]"
Add component (AddParameter): Name = "Packaging"; Value = "Tube"; VariantName = "[No Variations]"
Add component (AddParameter): Name = "Width"; Value = "12.4mm"; VariantName = "[No Variations]"
Added Component: Designator=DS3(WL-T7DS_L17.5W12.4H7)
Add component (AddParameter): Name = "Circuitry"; Value = "Common Anode"; VariantName = "[No Variations]"
Add component (AddParameter): Name = "ComponentLink1Description"; Value = "Manufacturer Link"; VariantName = "[No Variations]"
Add component (AddParameter): Name = "ComponentLink1URL"; Value = "http://www.we-online.de"; VariantName = "[No Variations]"
Add component (AddParameter): Name = "ComponentLink2Description"; Value = "Datasheet"; VariantName = "[No Variations]"
Add component (AddParameter): Name = "ComponentLink2URL"; Value = "https://www.we-online.com/catalog/datasheet/157136S12801.pdf"; VariantName = "[No Variations]"
Add component (AddParameter): Name = "Display Height"; Value = "0.52" / 13.2mm"; VariantName = "[No Variations]"
Add component (AddParameter): Name = "Emitting Color"; Value = "Super Red"; VariantName = "[No Variations]"
Add component (AddParameter): Name = "Forward Voltage"; Value = "2V"; VariantName = "[No Variations]"
Add component (AddParameter): Name = "Height"; Value = "7mm"; VariantName = "[No Variations]"
Add component (AddParameter): Name = "Length"; Value = "17.5mm"; VariantName = "[No Variations]"
Add component (AddParameter): Name = "Luminous Intensity"; Value = "38mcd"; VariantName = "[No Variations]"
Add component (AddParameter): Name = "Manufacturer"; Value = "Wurth Elektronik"; VariantName = "[No Variations]"
Add component (AddParameter): Name = "Manufacturer Part Number"; Value = "157136S12801"; VariantName = "[No Variations]"
Add component (AddParameter): Name = "Mounting Technology"; Value = "THT"; VariantName = "[No Variations]"
Add component (AddParameter): Name = "Operating Temperature max."; Value = "85C"; VariantName = "[No Variations]"
Add component (AddParameter): Name = "Operating Temperature min."; Value = "-40C"; VariantName = "[No Variations]"
Add component (AddParameter): Name = "Packaging"; Value = "Tube"; VariantName = "[No Variations]"
Add component (AddParameter): Name = "Width"; Value = "12.4mm"; VariantName = "[No Variations]"
Added Component: Designator=DS4(WL-T7DS_L17.5W12.4H7)
Add component (AddParameter): Name = "Circuitry"; Value = "Common Anode"; VariantName = "[No Variations]"
Add component (AddParameter): Name = "ComponentLink1Description"; Value = "Manufacturer Link"; VariantName = "[No Variations]"
Add component (AddParameter): Name = "ComponentLink1URL"; Value = "http://www.we-online.de"; VariantName = "[No Variations]"
Add component (AddParameter): Name = "ComponentLink2Description"; Value = "Datasheet"; VariantName = "[No Variations]"
Add component (AddParameter): Name = "ComponentLink2URL"; Value = "https://www.we-online.com/catalog/datasheet/157136S12801.pdf"; VariantName = "[No Variations]"
Add component (AddParameter): Name = "Display Height"; Value = "0.52" / 13.2mm"; VariantName = "[No Variations]"
Add component (AddParameter): Name = "Emitting Color"; Value = "Super Red"; VariantName = "[No Variations]"
Add component (AddParameter): Name = "Forward Voltage"; Value = "2V"; VariantName = "[No Variations]"
Add component (AddParameter): Name = "Height"; Value = "7mm"; VariantName = "[No Variations]"
Add component (AddParameter): Name = "Length"; Value = "17.5mm"; VariantName = "[No Variations]"
Add component (AddParameter): Name = "Luminous Intensity"; Value = "38mcd"; VariantName = "[No Variations]"
Add component (AddParameter): Name = "Manufacturer"; Value = "Wurth Elektronik"; VariantName = "[No Variations]"
Add component (AddParameter): Name = "Manufacturer Part Number"; Value = "157136S12801"; VariantName = "[No Variations]"
Add component (AddParameter): Name = "Mounting Technology"; Value = "THT"; VariantName = "[No Variations]"
Add component (AddParameter): Name = "Operating Temperature max."; Value = "85C"; VariantName = "[No Variations]"
Add component (AddParameter): Name = "Operating Temperature min."; Value = "-40C"; VariantName = "[No Variations]"
Add component (AddParameter): Name = "Packaging"; Value = "Tube"; VariantName = "[No Variations]"
Add component (AddParameter): Name = "Width"; Value = "12.4mm"; VariantName = "[No Variations]"
Added Component: Designator=IC1(SOIC127P1045X280-20N)
Add component (AddParameter): Name = "Arrow Part Number"; Value = ""; VariantName = "[No Variations]"
Add component (AddParameter): Name = "Arrow Price/Stock"; Value = ""; VariantName = "[No Variations]"
Add component (AddParameter): Name = "Datasheet Link"; Value = "https://www.mcielectronics.cl/website_MCI/static/documents/Datasheet_TM1637.pdf"; VariantName = "[No Variations]"
Add component (AddParameter): Name = "Height"; Value = "2.8mm"; VariantName = "[No Variations]"
Add component (AddParameter): Name = "Manufacturer_Name"; Value = "TITAN MICRO ELECTRONICS"; VariantName = "[No Variations]"
Add component (AddParameter): Name = "Manufacturer_Part_Number"; Value = "TM1637 (SOP)"; VariantName = "[No Variations]"
Add component (AddParameter): Name = "Mouser Part Number"; Value = ""; VariantName = "[No Variations]"
Add component (AddParameter): Name = "Mouser Price/Stock"; Value = ""; VariantName = "[No Variations]"
Added Component: Designator=IC2(DIP781W56P254L950H533Q8N)
Add component (AddParameter): Name = "Datasheet Link"; Value = "https://componentsearchengine.com//MCP6002-I_P.pdf"; VariantName = "[No Variations]"
Add component (AddParameter): Name = "Height"; Value = "5.334mm"; VariantName = "[No Variations]"
Add component (AddParameter): Name = "Manufacturer_Name"; Value = "Microchip"; VariantName = "[No Variations]"
Add component (AddParameter): Name = "Manufacturer_Part_Number"; Value = "MCP6002-I/P"; VariantName = "[No Variations]"
Add component (AddParameter): Name = "Mouser2 Part Number"; Value = "579-MCP6002-I/P"; VariantName = "[No Variations]"
Add component (AddParameter): Name = "Mouser2 Price/Stock"; Value = "https://www.mouser.com/Search/Refine.aspx?Keyword=579-MCP6002-I%2FP"; VariantName = "[No Variations]"
Added Component: Designator=IC3(DIP1543W58P254L5175H635Q40N)
Add component (AddParameter): Name = "Datasheet Link"; Value = "https://componentsearchengine.com//ATMEGA4809-PF.pdf"; VariantName = "[No Variations]"
Add component (AddParameter): Name = "Height"; Value = "6.35mm"; VariantName = "[No Variations]"
Add component (AddParameter): Name = "Manufacturer_Name"; Value = "Microchip"; VariantName = "[No Variations]"
Add component (AddParameter): Name = "Manufacturer_Part_Number"; Value = "ATMEGA4809-PF"; VariantName = "[No Variations]"
Add component (AddParameter): Name = "Mouser2 Part Number"; Value = "556-ATMEGA4809-PF"; VariantName = "[No Variations]"
Add component (AddParameter): Name = "Mouser2 Price/Stock"; Value = "https://www.mouser.com/Search/Refine.aspx?Keyword=556-ATMEGA4809-PF"; VariantName = "[No Variations]"
Added Component: Designator=K1(1729128)
Add component (AddParameter): Name = "Datasheet Link"; Value = "http://www.phoenixcontact.com/de/produkte/1729128/pdf"; VariantName = "[No Variations]"
Add component (AddParameter): Name = "Height"; Value = "10.15mm"; VariantName = "[No Variations]"
Add component (AddParameter): Name = "Manufacturer_Name"; Value = "Phoenix Contact"; VariantName = "[No Variations]"
Add component (AddParameter): Name = "Manufacturer_Part_Number"; Value = "1729128"; VariantName = "[No Variations]"
Add component (AddParameter): Name = "Mouser2 Part Number"; Value = ""; VariantName = "[No Variations]"
Add component (AddParameter): Name = "Mouser2 Price/Stock"; Value = ""; VariantName = "[No Variations]"
Added Component: Designator=K2(1729128)
Add component (AddParameter): Name = "Datasheet Link"; Value = "http://www.phoenixcontact.com/de/produkte/1729128/pdf"; VariantName = "[No Variations]"
Add component (AddParameter): Name = "Height"; Value = "10.15mm"; VariantName = "[No Variations]"
Add component (AddParameter): Name = "Manufacturer_Name"; Value = "Phoenix Contact"; VariantName = "[No Variations]"
Add component (AddParameter): Name = "Manufacturer_Part_Number"; Value = "1729128"; VariantName = "[No Variations]"
Add component (AddParameter): Name = "Mouser2 Part Number"; Value = ""; VariantName = "[No Variations]"
Add component (AddParameter): Name = "Mouser2 Price/Stock"; Value = ""; VariantName = "[No Variations]"
Added Component: Designator=K3(1729128)
Add component (AddParameter): Name = "Datasheet Link"; Value = "http://www.phoenixcontact.com/de/produkte/1729128/pdf"; VariantName = "[No Variations]"
Add component (AddParameter): Name = "Height"; Value = "10.15mm"; VariantName = "[No Variations]"
Add component (AddParameter): Name = "Manufacturer_Name"; Value = "Phoenix Contact"; VariantName = "[No Variations]"
Add component (AddParameter): Name = "Manufacturer_Part_Number"; Value = "1729128"; VariantName = "[No Variations]"
Add component (AddParameter): Name = "Mouser2 Part Number"; Value = ""; VariantName = "[No Variations]"
Add component (AddParameter): Name = "Mouser2 Price/Stock"; Value = ""; VariantName = "[No Variations]"
Added Component: Designator=K4(SHDR3W79P0X254_1X3_762X580X1175P)
Add component (AddParameter): Name = "Datasheet Link"; Value = "https://katalog.we-online.de/em/datasheet/61900311121.pdf"; VariantName = "[No Variations]"
Add component (AddParameter): Name = "Height"; Value = "11.75mm"; VariantName = "[No Variations]"
Add component (AddParameter): Name = "Manufacturer_Name"; Value = "Wurth Elektronik"; VariantName = "[No Variations]"
Add component (AddParameter): Name = "Manufacturer_Part_Number"; Value = "61900311121"; VariantName = "[No Variations]"
Add component (AddParameter): Name = "Mouser2 Part Number"; Value = ""; VariantName = "[No Variations]"
Add component (AddParameter): Name = "Mouser2 Price/Stock"; Value = ""; VariantName = "[No Variations]"
Added Component: Designator=K5(212520-1002)
Add component (AddParameter): Name = "Datasheet Link"; Value = "https://www.molex.com/pdm_docs/sd/2125201002_sd.pdf"; VariantName = "[No Variations]"
Add component (AddParameter): Name = "Height"; Value = "13.6mm"; VariantName = "[No Variations]"
Add component (AddParameter): Name = "Manufacturer_Name"; Value = "Molex"; VariantName = "[No Variations]"
Add component (AddParameter): Name = "Manufacturer_Part_Number"; Value = "212520-1002"; VariantName = "[No Variations]"
Add component (AddParameter): Name = "Mouser2 Part Number"; Value = ""; VariantName = "[No Variations]"
Add component (AddParameter): Name = "Mouser2 Price/Stock"; Value = ""; VariantName = "[No Variations]"
Added Component: Designator=K6(216571-YY04)
Add component (AddParameter): Name = "Datasheet Link"; Value = "https://www.molex.com/pdm_docs/sd/2165711002_sd.pdf"; VariantName = "[No Variations]"
Add component (AddParameter): Name = "Height"; Value = "9.91mm"; VariantName = "[No Variations]"
Add component (AddParameter): Name = "Manufacturer_Name"; Value = "Molex"; VariantName = "[No Variations]"
Add component (AddParameter): Name = "Manufacturer_Part_Number"; Value = "216571-3004"; VariantName = "[No Variations]"
Add component (AddParameter): Name = "Mouser2 Part Number"; Value = ""; VariantName = "[No Variations]"
Add component (AddParameter): Name = "Mouser2 Price/Stock"; Value = ""; VariantName = "[No Variations]"
Added Component: Designator=K7(SHDR3W79P0X254_1X3_762X580X1175P)
Add component (AddParameter): Name = "Datasheet Link"; Value = "https://katalog.we-online.de/em/datasheet/61900311121.pdf"; VariantName = "[No Variations]"
Add component (AddParameter): Name = "Height"; Value = "11.75mm"; VariantName = "[No Variations]"
Add component (AddParameter): Name = "Manufacturer_Name"; Value = "Wurth Elektronik"; VariantName = "[No Variations]"
Add component (AddParameter): Name = "Manufacturer_Part_Number"; Value = "61900311121"; VariantName = "[No Variations]"
Add component (AddParameter): Name = "Mouser2 Part Number"; Value = ""; VariantName = "[No Variations]"
Add component (AddParameter): Name = "Mouser2 Price/Stock"; Value = ""; VariantName = "[No Variations]"
Added Component: Designator=K8(1729128)
Add component (AddParameter): Name = "Datasheet Link"; Value = "http://www.phoenixcontact.com/de/produkte/1729128/pdf"; VariantName = "[No Variations]"
Add component (AddParameter): Name = "Height"; Value = "10.15mm"; VariantName = "[No Variations]"
Add component (AddParameter): Name = "Manufacturer_Name"; Value = "Phoenix Contact"; VariantName = "[No Variations]"
Add component (AddParameter): Name = "Manufacturer_Part_Number"; Value = "1729128"; VariantName = "[No Variations]"
Add component (AddParameter): Name = "Mouser2 Part Number"; Value = ""; VariantName = "[No Variations]"
Add component (AddParameter): Name = "Mouser2 Price/Stock"; Value = ""; VariantName = "[No Variations]"
Added Component: Designator=K9(HDR1X5)
Add component (AddParameter): Name = "LatestRevisionDate"; Value = "17-Jul-2002"; VariantName = "[No Variations]"
Add component (AddParameter): Name = "LatestRevisionNote"; Value = "Re-released for DXP Platform."; VariantName = "[No Variations]"
Add component (AddParameter): Name = "Publisher"; Value = "Altium Limited"; VariantName = "[No Variations]"
Added Component: Designator=K10(SHDR3W79P0X254_1X3_762X580X1175P)
Add component (AddParameter): Name = "Datasheet Link"; Value = "https://katalog.we-online.de/em/datasheet/61900311121.pdf"; VariantName = "[No Variations]"
Add component (AddParameter): Name = "Height"; Value = "11.75mm"; VariantName = "[No Variations]"
Add component (AddParameter): Name = "Manufacturer_Name"; Value = "Wurth Elektronik"; VariantName = "[No Variations]"
Add component (AddParameter): Name = "Manufacturer_Part_Number"; Value = "61900311121"; VariantName = "[No Variations]"
Add component (AddParameter): Name = "Mouser2 Part Number"; Value = ""; VariantName = "[No Variations]"
Add component (AddParameter): Name = "Mouser2 Price/Stock"; Value = ""; VariantName = "[No Variations]"
Added Component: Designator=K11(HDR2X3)
Add component (AddParameter): Name = "LatestRevisionDate"; Value = "17-Jul-2002"; VariantName = "[No Variations]"
Add component (AddParameter): Name = "LatestRevisionNote"; Value = "Re-released for DXP Platform."; VariantName = "[No Variations]"
Add component (AddParameter): Name = "Publisher"; Value = "Altium Limited"; VariantName = "[No Variations]"
Added Component: Designator=K12(HDR2X5)
Add component (AddParameter): Name = "LatestRevisionDate"; Value = "17-Jul-2002"; VariantName = "[No Variations]"
Add component (AddParameter): Name = "LatestRevisionNote"; Value = "Re-released for DXP Platform."; VariantName = "[No Variations]"
Add component (AddParameter): Name = "Publisher"; Value = "Altium Limited"; VariantName = "[No Variations]"
Added Component: Designator=K20(HDR2X5)
Add component (AddParameter): Name = "LatestRevisionDate"; Value = "17-Jul-2002"; VariantName = "[No Variations]"
Add component (AddParameter): Name = "LatestRevisionNote"; Value = "Re-released for DXP Platform."; VariantName = "[No Variations]"
Add component (AddParameter): Name = "Publisher"; Value = "Altium Limited"; VariantName = "[No Variations]"
Add Component: Footprint Not Found 744711003
Added Component: Designator=L2(CM2545X171B10)
Add component (AddParameter): Name = "Datasheet Link"; Value = "https://datasheet.datasheetarchive.com/originals/dk/DKDS-7/122753.pdf"; VariantName = "[No Variations]"
Add component (AddParameter): Name = "Height"; Value = "9.5mm"; VariantName = "[No Variations]"
Add component (AddParameter): Name = "Manufacturer_Name"; Value = "Laird Technologies"; VariantName = "[No Variations]"
Add component (AddParameter): Name = "Manufacturer_Part_Number"; Value = "CM2545X171B-10"; VariantName = "[No Variations]"
Add component (AddParameter): Name = "Mouser2 Part Number"; Value = ""; VariantName = "[No Variations]"
Add component (AddParameter): Name = "Mouser2 Price/Stock"; Value = ""; VariantName = "[No Variations]"
Added Component: Designator=PS1(R78B1210L)
Add component (AddParameter): Name = "Datasheet Link"; Value = "https://componentsearchengine.com//R-78B5.0-1.0L.pdf"; VariantName = "[No Variations]"
Add component (AddParameter): Name = "Height"; Value = "9mm"; VariantName = "[No Variations]"
Add component (AddParameter): Name = "Manufacturer_Name"; Value = "RECOM Power"; VariantName = "[No Variations]"
Add component (AddParameter): Name = "Manufacturer_Part_Number"; Value = "R-78B5.0-1.0L"; VariantName = "[No Variations]"
Add component (AddParameter): Name = "Mouser2 Part Number"; Value = "919-R-78B5.0-1.0L"; VariantName = "[No Variations]"
Add component (AddParameter): Name = "Mouser2 Price/Stock"; Value = "https://www.mouser.com/Search/Refine.aspx?Keyword=919-R-78B5.0-1.0L"; VariantName = "[No Variations]"
Add Component: Footprint Not Found FP-RR1220-IPC_A
Add Component: Footprint Not Found FP-RP732B-IPC_C
Add Component: Footprint Not Found FP-RR1220-MFG
Added Component: Designator=R4(RESC2012X50N)
Add component (AddParameter): Name = "Datasheet Link"; Value = "http://www.vishay.com/docs/20035/dcrcwe3.pdf"; VariantName = "[No Variations]"
Add component (AddParameter): Name = "Height"; Value = "0.5mm"; VariantName = "[No Variations]"
Add component (AddParameter): Name = "Manufacturer_Name"; Value = "Vishay"; VariantName = "[No Variations]"
Add component (AddParameter): Name = "Manufacturer_Part_Number"; Value = "CRCW08055K60JNEA"; VariantName = "[No Variations]"
Add component (AddParameter): Name = "Mouser2 Part Number"; Value = ""; VariantName = "[No Variations]"
Add component (AddParameter): Name = "Mouser2 Price/Stock"; Value = ""; VariantName = "[No Variations]"
Added Component: Designator=R5(RESC2012X50N)
Add component (AddParameter): Name = "Datasheet Link"; Value = "http://www.vishay.com/docs/20035/dcrcwe3.pdf"; VariantName = "[No Variations]"
Add component (AddParameter): Name = "Height"; Value = "0.5mm"; VariantName = "[No Variations]"
Add component (AddParameter): Name = "Manufacturer_Name"; Value = "Vishay"; VariantName = "[No Variations]"
Add component (AddParameter): Name = "Manufacturer_Part_Number"; Value = "CRCW08055K60JNEA"; VariantName = "[No Variations]"
Add component (AddParameter): Name = "Mouser2 Part Number"; Value = ""; VariantName = "[No Variations]"
Add component (AddParameter): Name = "Mouser2 Price/Stock"; Value = ""; VariantName = "[No Variations]"
Added Component: Designator=R6(RESC2012X60N)
Add component (AddParameter): Name = "Datasheet Link"; Value = "https://componentsearchengine.com//CR0805-FX-1002ELF.pdf"; VariantName = "[No Variations]"
Add component (AddParameter): Name = "Height"; Value = "0.6mm"; VariantName = "[No Variations]"
Add component (AddParameter): Name = "Manufacturer_Name"; Value = "Bourns"; VariantName = "[No Variations]"
Add component (AddParameter): Name = "Manufacturer_Part_Number"; Value = "CR0805-FX-1002ELF"; VariantName = "[No Variations]"
Add component (AddParameter): Name = "Mouser2 Part Number"; Value = "652-CR0805FX-1002ELF"; VariantName = "[No Variations]"
Add component (AddParameter): Name = "Mouser2 Price/Stock"; Value = "https://www.mouser.com/Search/Refine.aspx?Keyword=652-CR0805FX-1002ELF"; VariantName = "[No Variations]"
Added Component: Designator=R7(RESC2012X60N)
Add component (AddParameter): Name = "Datasheet Link"; Value = "https://componentsearchengine.com//CR0805-FX-1002ELF.pdf"; VariantName = "[No Variations]"
Add component (AddParameter): Name = "Height"; Value = "0.6mm"; VariantName = "[No Variations]"
Add component (AddParameter): Name = "Manufacturer_Name"; Value = "Bourns"; VariantName = "[No Variations]"
Add component (AddParameter): Name = "Manufacturer_Part_Number"; Value = "CR0805-FX-1002ELF"; VariantName = "[No Variations]"
Add component (AddParameter): Name = "Mouser2 Part Number"; Value = "652-CR0805FX-1002ELF"; VariantName = "[No Variations]"
Add component (AddParameter): Name = "Mouser2 Price/Stock"; Value = "https://www.mouser.com/Search/Refine.aspx?Keyword=652-CR0805FX-1002ELF"; VariantName = "[No Variations]"
Added Component: Designator=R8(RESC1220X65N)
Add component (AddParameter): Name = "Datasheet Link"; Value = "https://componentsearchengine.com//LTR10EZPJ101.pdf"; VariantName = "[No Variations]"
Add component (AddParameter): Name = "Height"; Value = "0.65mm"; VariantName = "[No Variations]"
Add component (AddParameter): Name = "Manufacturer_Name"; Value = "ROHM Semiconductor"; VariantName = "[No Variations]"
Add component (AddParameter): Name = "Manufacturer_Part_Number"; Value = "LTR10EZPJ101"; VariantName = "[No Variations]"
Add component (AddParameter): Name = "Mouser2 Part Number"; Value = "755-LTR10EZPJ101"; VariantName = "[No Variations]"
Add component (AddParameter): Name = "Mouser2 Price/Stock"; Value = "https://www.mouser.com/Search/Refine.aspx?Keyword=755-LTR10EZPJ101"; VariantName = "[No Variations]"
Add Component: Footprint Not Found FP-RP732B-IPC_C
Added Component: Designator=R10(CAPC2012X65N)
Add component (AddParameter): Name = "Datasheet Link"; Value = "https://componentsearchengine.com/Datasheets/2/ESR10EZPJ472.pdf"; VariantName = "[No Variations]"
Add component (AddParameter): Name = "Height"; Value = "0.65mm"; VariantName = "[No Variations]"
Add component (AddParameter): Name = "Manufacturer_Name"; Value = "ROHM Semiconductor"; VariantName = "[No Variations]"
Add component (AddParameter): Name = "Manufacturer_Part_Number"; Value = "ESR10EZPJ472"; VariantName = "[No Variations]"
Add component (AddParameter): Name = "Mouser2 Part Number"; Value = ""; VariantName = "[No Variations]"
Add component (AddParameter): Name = "Mouser2 Price/Stock"; Value = ""; VariantName = "[No Variations]"
Add Component: Footprint Not Found FP-RR1220-IPC_A
Add Component: Footprint Not Found FP-RR1220-IPC_A
Added Component: Designator=R13(RESC2012X50N)
Add component (AddParameter): Name = "Datasheet Link"; Value = "http://www.vishay.com/docs/20035/dcrcwe3.pdf"; VariantName = "[No Variations]"
Add component (AddParameter): Name = "Height"; Value = "0.5mm"; VariantName = "[No Variations]"
Add component (AddParameter): Name = "Manufacturer_Name"; Value = "Vishay"; VariantName = "[No Variations]"
Add component (AddParameter): Name = "Manufacturer_Part_Number"; Value = "CRCW08055K60JNEA"; VariantName = "[No Variations]"
Add component (AddParameter): Name = "Mouser2 Part Number"; Value = ""; VariantName = "[No Variations]"
Add component (AddParameter): Name = "Mouser2 Price/Stock"; Value = ""; VariantName = "[No Variations]"
Added Component: Designator=R14(RESC2012X50N)
Add component (AddParameter): Name = "Datasheet Link"; Value = "http://www.vishay.com/docs/20035/dcrcwe3.pdf"; VariantName = "[No Variations]"
Add component (AddParameter): Name = "Height"; Value = "0.5mm"; VariantName = "[No Variations]"
Add component (AddParameter): Name = "Manufacturer_Name"; Value = "Vishay"; VariantName = "[No Variations]"
Add component (AddParameter): Name = "Manufacturer_Part_Number"; Value = "CRCW08055K60JNEA"; VariantName = "[No Variations]"
Add component (AddParameter): Name = "Mouser2 Part Number"; Value = ""; VariantName = "[No Variations]"
Add component (AddParameter): Name = "Mouser2 Price/Stock"; Value = ""; VariantName = "[No Variations]"
Added Component: Designator=R15(RESC1220X65N)
Add component (AddParameter): Name = "Datasheet Link"; Value = "https://componentsearchengine.com//LTR10EZPJ101.pdf"; VariantName = "[No Variations]"
Add component (AddParameter): Name = "Height"; Value = "0.65mm"; VariantName = "[No Variations]"
Add component (AddParameter): Name = "Manufacturer_Name"; Value = "ROHM Semiconductor"; VariantName = "[No Variations]"
Add component (AddParameter): Name = "Manufacturer_Part_Number"; Value = "LTR10EZPJ101"; VariantName = "[No Variations]"
Add component (AddParameter): Name = "Mouser2 Part Number"; Value = "755-LTR10EZPJ101"; VariantName = "[No Variations]"
Add component (AddParameter): Name = "Mouser2 Price/Stock"; Value = "https://www.mouser.com/Search/Refine.aspx?Keyword=755-LTR10EZPJ101"; VariantName = "[No Variations]"
Added Component: Designator=R16(CAPC2012X65N)
Add component (AddParameter): Name = "Datasheet Link"; Value = "https://componentsearchengine.com/Datasheets/2/ESR10EZPJ472.pdf"; VariantName = "[No Variations]"
Add component (AddParameter): Name = "Height"; Value = "0.65mm"; VariantName = "[No Variations]"
Add component (AddParameter): Name = "Manufacturer_Name"; Value = "ROHM Semiconductor"; VariantName = "[No Variations]"
Add component (AddParameter): Name = "Manufacturer_Part_Number"; Value = "ESR10EZPJ472"; VariantName = "[No Variations]"
Add component (AddParameter): Name = "Mouser2 Part Number"; Value = ""; VariantName = "[No Variations]"
Add component (AddParameter): Name = "Mouser2 Price/Stock"; Value = ""; VariantName = "[No Variations]"
Added Component: Designator=R17(CAPC2012X65N)
Add component (AddParameter): Name = "Datasheet Link"; Value = "https://componentsearchengine.com/Datasheets/2/ESR10EZPJ472.pdf"; VariantName = "[No Variations]"
Add component (AddParameter): Name = "Height"; Value = "0.65mm"; VariantName = "[No Variations]"
Add component (AddParameter): Name = "Manufacturer_Name"; Value = "ROHM Semiconductor"; VariantName = "[No Variations]"
Add component (AddParameter): Name = "Manufacturer_Part_Number"; Value = "ESR10EZPJ472"; VariantName = "[No Variations]"
Add component (AddParameter): Name = "Mouser2 Part Number"; Value = ""; VariantName = "[No Variations]"
Add component (AddParameter): Name = "Mouser2 Price/Stock"; Value = ""; VariantName = "[No Variations]"
Added Component: Designator=R18(RESC1220X65N)
Add component (AddParameter): Name = "Datasheet Link"; Value = "https://componentsearchengine.com//LTR10EZPJ101.pdf"; VariantName = "[No Variations]"
Add component (AddParameter): Name = "Height"; Value = "0.65mm"; VariantName = "[No Variations]"
Add component (AddParameter): Name = "Manufacturer_Name"; Value = "ROHM Semiconductor"; VariantName = "[No Variations]"
Add component (AddParameter): Name = "Manufacturer_Part_Number"; Value = "LTR10EZPJ101"; VariantName = "[No Variations]"
Add component (AddParameter): Name = "Mouser2 Part Number"; Value = "755-LTR10EZPJ101"; VariantName = "[No Variations]"
Add component (AddParameter): Name = "Mouser2 Price/Stock"; Value = "https://www.mouser.com/Search/Refine.aspx?Keyword=755-LTR10EZPJ101"; VariantName = "[No Variations]"
Added Component: Designator=R19(RESC2012X60N)
Add component (AddParameter): Name = "Datasheet Link"; Value = "https://componentsearchengine.com//CR0805-FX-1002ELF.pdf"; VariantName = "[No Variations]"
Add component (AddParameter): Name = "Height"; Value = "0.6mm"; VariantName = "[No Variations]"
Add component (AddParameter): Name = "Manufacturer_Name"; Value = "Bourns"; VariantName = "[No Variations]"
Add component (AddParameter): Name = "Manufacturer_Part_Number"; Value = "CR0805-FX-1002ELF"; VariantName = "[No Variations]"
Add component (AddParameter): Name = "Mouser2 Part Number"; Value = "652-CR0805FX-1002ELF"; VariantName = "[No Variations]"
Add component (AddParameter): Name = "Mouser2 Price/Stock"; Value = "https://www.mouser.com/Search/Refine.aspx?Keyword=652-CR0805FX-1002ELF"; VariantName = "[No Variations]"
Added Component: Designator=R20(CAPC2012X65N)
Add component (AddParameter): Name = "Datasheet Link"; Value = "https://componentsearchengine.com/Datasheets/2/ESR10EZPJ472.pdf"; VariantName = "[No Variations]"
Add component (AddParameter): Name = "Height"; Value = "0.65mm"; VariantName = "[No Variations]"
Add component (AddParameter): Name = "Manufacturer_Name"; Value = "ROHM Semiconductor"; VariantName = "[No Variations]"
Add component (AddParameter): Name = "Manufacturer_Part_Number"; Value = "ESR10EZPJ472"; VariantName = "[No Variations]"
Add component (AddParameter): Name = "Mouser2 Part Number"; Value = ""; VariantName = "[No Variations]"
Add component (AddParameter): Name = "Mouser2 Price/Stock"; Value = ""; VariantName = "[No Variations]"
Added Component: Designator=R21(CAPC2012X65N)
Add component (AddParameter): Name = "Datasheet Link"; Value = "https://componentsearchengine.com/Datasheets/2/ESR10EZPJ472.pdf"; VariantName = "[No Variations]"
Add component (AddParameter): Name = "Height"; Value = "0.65mm"; VariantName = "[No Variations]"
Add component (AddParameter): Name = "Manufacturer_Name"; Value = "ROHM Semiconductor"; VariantName = "[No Variations]"
Add component (AddParameter): Name = "Manufacturer_Part_Number"; Value = "ESR10EZPJ472"; VariantName = "[No Variations]"
Add component (AddParameter): Name = "Mouser2 Part Number"; Value = ""; VariantName = "[No Variations]"
Add component (AddParameter): Name = "Mouser2 Price/Stock"; Value = ""; VariantName = "[No Variations]"
Added Component: Designator=R22(CAPC2012X65N)
Add component (AddParameter): Name = "Datasheet Link"; Value = "https://componentsearchengine.com/Datasheets/2/ESR10EZPJ472.pdf"; VariantName = "[No Variations]"
Add component (AddParameter): Name = "Height"; Value = "0.65mm"; VariantName = "[No Variations]"
Add component (AddParameter): Name = "Manufacturer_Name"; Value = "ROHM Semiconductor"; VariantName = "[No Variations]"
Add component (AddParameter): Name = "Manufacturer_Part_Number"; Value = "ESR10EZPJ472"; VariantName = "[No Variations]"
Add component (AddParameter): Name = "Mouser2 Part Number"; Value = ""; VariantName = "[No Variations]"
Add component (AddParameter): Name = "Mouser2 Price/Stock"; Value = ""; VariantName = "[No Variations]"
Added Component: Designator=R30(RESC2012X60N)
Add component (AddParameter): Name = "Datasheet Link"; Value = "https://componentsearchengine.com//CR0805-FX-1002ELF.pdf"; VariantName = "[No Variations]"
Add component (AddParameter): Name = "Height"; Value = "0.6mm"; VariantName = "[No Variations]"
Add component (AddParameter): Name = "Manufacturer_Name"; Value = "Bourns"; VariantName = "[No Variations]"
Add component (AddParameter): Name = "Manufacturer_Part_Number"; Value = "CR0805-FX-1002ELF"; VariantName = "[No Variations]"
Add component (AddParameter): Name = "Mouser2 Part Number"; Value = "652-CR0805FX-1002ELF"; VariantName = "[No Variations]"
Add component (AddParameter): Name = "Mouser2 Price/Stock"; Value = "https://www.mouser.com/Search/Refine.aspx?Keyword=652-CR0805FX-1002ELF"; VariantName = "[No Variations]"
Added Component: Designator=R31(RESC2012X60N)
Add component (AddParameter): Name = "Datasheet Link"; Value = "https://componentsearchengine.com//CR0805-FX-1002ELF.pdf"; VariantName = "[No Variations]"
Add component (AddParameter): Name = "Height"; Value = "0.6mm"; VariantName = "[No Variations]"
Add component (AddParameter): Name = "Manufacturer_Name"; Value = "Bourns"; VariantName = "[No Variations]"
Add component (AddParameter): Name = "Manufacturer_Part_Number"; Value = "CR0805-FX-1002ELF"; VariantName = "[No Variations]"
Add component (AddParameter): Name = "Mouser2 Part Number"; Value = "652-CR0805FX-1002ELF"; VariantName = "[No Variations]"
Add component (AddParameter): Name = "Mouser2 Price/Stock"; Value = "https://www.mouser.com/Search/Refine.aspx?Keyword=652-CR0805FX-1002ELF"; VariantName = "[No Variations]"
Added Component: Designator=R32(RESC2012X60N)
Add component (AddParameter): Name = "Datasheet Link"; Value = "https://componentsearchengine.com//CR0805-FX-1002ELF.pdf"; VariantName = "[No Variations]"
Add component (AddParameter): Name = "Height"; Value = "0.6mm"; VariantName = "[No Variations]"
Add component (AddParameter): Name = "Manufacturer_Name"; Value = "Bourns"; VariantName = "[No Variations]"
Add component (AddParameter): Name = "Manufacturer_Part_Number"; Value = "CR0805-FX-1002ELF"; VariantName = "[No Variations]"
Add component (AddParameter): Name = "Mouser2 Part Number"; Value = "652-CR0805FX-1002ELF"; VariantName = "[No Variations]"
Add component (AddParameter): Name = "Mouser2 Price/Stock"; Value = "https://www.mouser.com/Search/Refine.aspx?Keyword=652-CR0805FX-1002ELF"; VariantName = "[No Variations]"
Added Component: Designator=RE1(RT42)
Add component (AddParameter): Name = "Datasheet Link"; Value = "https://componentsearchengine.com//RT424005.pdf"; VariantName = "[No Variations]"
Add component (AddParameter): Name = "Manufacturer_Name"; Value = "TE Connectivity"; VariantName = "[No Variations]"
Add component (AddParameter): Name = "Manufacturer_Part_Number"; Value = "RT424005"; VariantName = "[No Variations]"
Add component (AddParameter): Name = "Mouser2 Part Number"; Value = "655-RT424005"; VariantName = "[No Variations]"
Add component (AddParameter): Name = "Mouser2 Price/Stock"; Value = "https://www.mouser.com/Search/Refine.aspx?Keyword=655-RT424005"; VariantName = "[No Variations]"
Added Component: Designator=S1(4820xx514001)
Add component (AddParameter): Name = "ComponentLink1Description"; Value = "Manufacturer"; VariantName = "[No Variations]"
Add component (AddParameter): Name = "ComponentLink1URL"; Value = "http://www.we-online.de"; VariantName = "[No Variations]"
Add component (AddParameter): Name = "ComponentLink2Description"; Value = "Datasheet"; VariantName = "[No Variations]"
Add component (AddParameter): Name = "ComponentLink2URL"; Value = "https://www.we-online.com/catalog/datasheet/482016514001.pdf"; VariantName = "[No Variations]"
Add component (AddParameter): Name = "Detent"; Value = "30positions"; VariantName = "[No Variations]"
Add component (AddParameter): Name = "Electrical Life Encoder"; Value = "15000Cycles"; VariantName = "[No Variations]"
Add component (AddParameter): Name = "Electrical Life Switch"; Value = "20000Cycles"; VariantName = "[No Variations]"
Add component (AddParameter): Name = "Insulation Resistance"; Value = "100MOhm"; VariantName = "[No Variations]"
Add component (AddParameter): Name = "Manufacturer"; Value = "Wurth Elektronik"; VariantName = "[No Variations]"
Add component (AddParameter): Name = "Manufacturer Part Number"; Value = "482016514001"; VariantName = "[No Variations]"
Add component (AddParameter): Name = "Mounting Technology"; Value = "THT"; VariantName = "[No Variations]"
Add component (AddParameter): Name = "Operating Temperature"; Value = "-40 to +85degC"; VariantName = "[No Variations]"
Add component (AddParameter): Name = "Operation Force"; Value = "600g"; VariantName = "[No Variations]"
Add component (AddParameter): Name = "Packaging"; Value = "Tray"; VariantName = "[No Variations]"
Add component (AddParameter): Name = "Published Date"; Value = "May 2021"; VariantName = "[No Variations]"
Add component (AddParameter): Name = "Rated Current"; Value = "10mA"; VariantName = "[No Variations]"
Add component (AddParameter): Name = "Resolution"; Value = "15Pulse/360deg"; VariantName = "[No Variations]"
Add component (AddParameter): Name = "Size"; Value = "L13.75W11.7H26.6"; VariantName = "[No Variations]"
Added Component: Designator=T1(TO-92-3L_5P33X5P2_ONS)
Add component (AddParameter): Name = "Copyright"; Value = "Copyright (C) 2022 Ultra Librarian. All rights reserved."; VariantName = "[No Variations]"
Add component (AddParameter): Name = "Manufacturer_Part_Number"; Value = "BC547CTFR"; VariantName = "[No Variations]"
Add component (AddParameter): Name = "Mfr_Name"; Value = "onsemi"; VariantName = "[No Variations]"
Add component (AddParameter): Name = "RefDes"; Value = "RefDes"; VariantName = "[No Variations]"
Add component (AddParameter): Name = "Type"; Value = "DEV"; VariantName = "[No Variations]"
Added Component: Designator=T2(TO-92-3L_5P33X5P2_ONS)
Add component (AddParameter): Name = "Copyright"; Value = "Copyright (C) 2022 Ultra Librarian. All rights reserved."; VariantName = "[No Variations]"
Add component (AddParameter): Name = "Manufacturer_Part_Number"; Value = "BC547CTFR"; VariantName = "[No Variations]"
Add component (AddParameter): Name = "Mfr_Name"; Value = "onsemi"; VariantName = "[No Variations]"
Add component (AddParameter): Name = "RefDes"; Value = "RefDes"; VariantName = "[No Variations]"
Add component (AddParameter): Name = "Type"; Value = "DEV"; VariantName = "[No Variations]"
Added Component: Designator=T3(TO254P469X1042X1967-3P)
Add component (AddParameter): Name = "Datasheet Link"; Value = "https://componentsearchengine.com//IRF9Z34NPBF.pdf"; VariantName = "[No Variations]"
Add component (AddParameter): Name = "Height"; Value = "4.69mm"; VariantName = "[No Variations]"
Add component (AddParameter): Name = "Manufacturer_Name"; Value = "Infineon"; VariantName = "[No Variations]"
Add component (AddParameter): Name = "Manufacturer_Part_Number"; Value = "IRF9Z34NPBF"; VariantName = "[No Variations]"
Add component (AddParameter): Name = "Mouser2 Part Number"; Value = "942-IRF9Z34NPBF"; VariantName = "[No Variations]"
Add component (AddParameter): Name = "Mouser2 Price/Stock"; Value = "https://www.mouser.com/Search/Refine.aspx?Keyword=942-IRF9Z34NPBF"; VariantName = "[No Variations]"
Added Component: Designator=T4(TO-92-3L_5P33X5P2_ONS)
Add component (AddParameter): Name = "Copyright"; Value = "Copyright (C) 2022 Ultra Librarian. All rights reserved."; VariantName = "[No Variations]"
Add component (AddParameter): Name = "Manufacturer_Part_Number"; Value = "BC547CTFR"; VariantName = "[No Variations]"
Add component (AddParameter): Name = "Mfr_Name"; Value = "onsemi"; VariantName = "[No Variations]"
Add component (AddParameter): Name = "RefDes"; Value = "RefDes"; VariantName = "[No Variations]"
Add component (AddParameter): Name = "Type"; Value = "DEV"; VariantName = "[No Variations]"
Added Component: Designator=T?(BC33740TA)
Add component (AddParameter): Name = "Datasheet Link"; Value = "https://componentsearchengine.com//BC557ATA.pdf"; VariantName = "[No Variations]"
Add component (AddParameter): Name = "Manufacturer_Name"; Value = "ON Semiconductor"; VariantName = "[No Variations]"
Add component (AddParameter): Name = "Manufacturer_Part_Number"; Value = "BC557ATA"; VariantName = "[No Variations]"
Add component (AddParameter): Name = "Mouser2 Part Number"; Value = "512-BC557ATA"; VariantName = "[No Variations]"
Add component (AddParameter): Name = "Mouser2 Price/Stock"; Value = "https://www.mouser.com/Search/Refine.aspx?Keyword=512-BC557ATA"; VariantName = "[No Variations]"
Added Pin To Net: NetName=+5 Pin=C2-1
Added Pin To Net: NetName=+5 Pin=C3-1
Added Pin To Net: NetName=+5 Pin=C5-1
Added Pin To Net: NetName=+5 Pin=C8-2
Added Pin To Net: NetName=+5 Pin=C9-2
Added Pin To Net: NetName=+5 Pin=C10-1
Added Pin To Net: NetName=+5 Pin=C20-1
Added Pin To Net: NetName=+5 Pin=C21-1
Added Pin To Net: NetName=+5 Pin=C22-1
Added Pin To Net: NetName=+5 Pin=C23-1
Added Pin To Net: NetName=+5 Pin=C24-1
Added Pin To Net: NetName=+5 Pin=D1-1
Added Pin To Net: NetName=+5 Pin=D3-1
Added Pin To Net: NetName=+5 Pin=IC1-16
Added Pin To Net: NetName=+5 Pin=IC2-8
Added Pin To Net: NetName=+5 Pin=IC3-5
Added Pin To Net: NetName=+5 Pin=IC3-31
Added Pin To Net: NetName=+5 Pin=K6-1
Added Pin To Net: NetName=+5 Pin=K7-1
Added Pin To Net: NetName=+5 Pin=K11-2
Added Pin To Net: NetName=+5 Pin=K12-1
Added Pin To Net: NetName=+5 Pin=K20-1
Added Pin To Net: NetName=+5 Pin=PS1-3
Added Pin To Net: NetName=+5 Pin=R16-2
Added Pin To Net: NetName=+5 Pin=R21-2
Added Pin To Net: NetName=+5 Pin=R22-1
Added Pin To Net: NetName=+5 Pin=R30-2
Added Pin To Net: NetName=+5 Pin=R31-2
Added Pin To Net: NetName=+5 Pin=R32-2
Added Pin To Net: NetName=+5 Pin=RE1-1
Added Net: Name=+5
Added Pin To Net: NetName=GND Pin=BR1-4
Added Pin To Net: NetName=GND Pin=BR2-4
Added Pin To Net: NetName=GND Pin=C1-2
Added Pin To Net: NetName=GND Pin=C2-2
Added Pin To Net: NetName=GND Pin=C3-2
Added Pin To Net: NetName=GND Pin=C4-2
Added Pin To Net: NetName=GND Pin=C5-2
Added Pin To Net: NetName=GND Pin=C8-1
Added Pin To Net: NetName=GND Pin=C9-1
Added Pin To Net: NetName=GND Pin=C10-2
Added Pin To Net: NetName=GND Pin=C11-1
Added Pin To Net: NetName=GND Pin=C20-2
Added Pin To Net: NetName=GND Pin=C21-2
Added Pin To Net: NetName=GND Pin=D2-2
Added Pin To Net: NetName=GND Pin=IC1-1
Added Pin To Net: NetName=GND Pin=IC2-4
Added Pin To Net: NetName=GND Pin=IC3-6
Added Pin To Net: NetName=GND Pin=IC3-18
Added Pin To Net: NetName=GND Pin=IC3-32
Added Pin To Net: NetName=GND Pin=K3-1
Added Pin To Net: NetName=GND Pin=K6-4
Added Pin To Net: NetName=GND Pin=K7-3
Added Pin To Net: NetName=GND Pin=K10-1
Added Pin To Net: NetName=GND Pin=K11-6
Added Pin To Net: NetName=GND Pin=K12-10
Added Pin To Net: NetName=GND Pin=K20-10
Added Pin To Net: NetName=GND Pin=L2-1
Added Pin To Net: NetName=GND Pin=PS1-2
Added Pin To Net: NetName=GND Pin=R6-1
Added Pin To Net: NetName=GND Pin=R8-1
Added Pin To Net: NetName=GND Pin=R10-2
Added Pin To Net: NetName=GND Pin=R15-1
Added Pin To Net: NetName=GND Pin=R20-1
Added Pin To Net: NetName=GND Pin=S1-2
Added Pin To Net: NetName=GND Pin=S1-C
Added Pin To Net: NetName=GND Pin=S1-S1
Added Pin To Net: NetName=GND Pin=S1-S2
Added Pin To Net: NetName=GND Pin=T1-3
Added Pin To Net: NetName=GND Pin=T4-3
Added Pin To Net: NetName=GND Pin=T?-1
Added Net: Name=GND
Added Pin To Net: NetName=Main_IC3_GPIO9 Pin=R5-1
Added Net: Name=Main_IC3_GPIO9
Added Pin To Net: NetName=Main_IC3_GPIO10 Pin=R14-1
Added Net: Name=Main_IC3_GPIO10
Added Pin To Net: NetName=Main_IC3_GPIO11 Pin=D2-1
Added Pin To Net: NetName=Main_IC3_GPIO11 Pin=R6-2
Added Net: Name=Main_IC3_GPIO11
Added Pin To Net: NetName=Main_R19 Pin=R20-2
Added Pin To Net: NetName=Main_R19 Pin=T4-2
Added Net: Name=Main_R19
Added Pin To Net: NetName=Main_T1 Pin=D1-2
Added Pin To Net: NetName=Main_T1 Pin=RE1-8
Added Net: Name=Main_T1
Added Pin To Net: NetName=NetBR1_1 Pin=BR1-1
Added Pin To Net: NetName=NetBR1_1 Pin=C4-1
Added Pin To Net: NetName=NetBR1_1 Pin=PS1-1
Added Net: Name=NetBR1_1
Added Pin To Net: NetName=NetBR1_2 Pin=BR1-2
Added Pin To Net: NetName=NetBR1_2 Pin=BR2-3
Added Net: Name=NetBR1_2
Added Pin To Net: NetName=NetBR1_3 Pin=BR1-3
Added Pin To Net: NetName=NetBR1_3 Pin=K1-2
Added Pin To Net: NetName=NetBR1_3 Pin=RE1-6
Added Net: Name=NetBR1_3
Added Pin To Net: NetName=NetBR2_2 Pin=BR2-2
Added Pin To Net: NetName=NetBR2_2 Pin=K2-1
Added Pin To Net: NetName=NetBR2_2 Pin=RE1-7
Added Net: Name=NetBR2_2
Added Pin To Net: NetName=NetC7_2 Pin=IC2-5
Added Pin To Net: NetName=NetC7_2 Pin=R4-1
Added Net: Name=NetC7_2
Added Pin To Net: NetName=NetC11_2 Pin=C11-2
Added Pin To Net: NetName=NetC11_2 Pin=IC3-17
Added Net: Name=NetC11_2
Added Pin To Net: NetName=NetC13_2 Pin=IC2-3
Added Pin To Net: NetName=NetC13_2 Pin=R13-1
Added Net: Name=NetC13_2
Added Pin To Net: NetName=NetC14_1 Pin=C14-1
Added Pin To Net: NetName=NetC14_1 Pin=K11-3
Added Net: Name=NetC14_1
Added Pin To Net: NetName=NetC14_2 Pin=C14-2
Added Pin To Net: NetName=NetC14_2 Pin=D3-2
Added Pin To Net: NetName=NetC14_2 Pin=IC3-29
Added Net: Name=NetC14_2
Added Pin To Net: NetName=NetC22_2 Pin=C22-2
Added Pin To Net: NetName=NetC22_2 Pin=K20-3
Added Pin To Net: NetName=NetC22_2 Pin=R30-1
Added Pin To Net: NetName=NetC22_2 Pin=S1-1
Added Net: Name=NetC22_2
Added Pin To Net: NetName=NetC23_2 Pin=C23-2
Added Pin To Net: NetName=NetC23_2 Pin=K20-7
Added Pin To Net: NetName=NetC23_2 Pin=R31-1
Added Pin To Net: NetName=NetC23_2 Pin=S1-B
Added Net: Name=NetC23_2
Added Pin To Net: NetName=NetC24_2 Pin=C24-2
Added Pin To Net: NetName=NetC24_2 Pin=K20-5
Added Pin To Net: NetName=NetC24_2 Pin=R32-1
Added Pin To Net: NetName=NetC24_2 Pin=S1-A
Added Net: Name=NetC24_2
Added Pin To Net: NetName=NetDS1_1 Pin=DS1-1
Added Pin To Net: NetName=NetDS1_1 Pin=DS2-1
Added Pin To Net: NetName=NetDS1_1 Pin=DS3-1
Added Pin To Net: NetName=NetDS1_1 Pin=DS4-1
Added Pin To Net: NetName=NetDS1_1 Pin=IC1-6
Added Net: Name=NetDS1_1
Added Pin To Net: NetName=NetDS1_2 Pin=DS1-2
Added Pin To Net: NetName=NetDS1_2 Pin=DS2-2
Added Pin To Net: NetName=NetDS1_2 Pin=DS3-2
Added Pin To Net: NetName=NetDS1_2 Pin=DS4-2
Added Pin To Net: NetName=NetDS1_2 Pin=IC1-5
Added Net: Name=NetDS1_2
Added Pin To Net: NetName=NetDS1_4 Pin=DS1-4
Added Pin To Net: NetName=NetDS1_4 Pin=DS2-4
Added Pin To Net: NetName=NetDS1_4 Pin=DS3-4
Added Pin To Net: NetName=NetDS1_4 Pin=DS4-4
Added Pin To Net: NetName=NetDS1_4 Pin=IC1-4
Added Net: Name=NetDS1_4
Added Pin To Net: NetName=NetDS1_5 Pin=DS1-5
Added Pin To Net: NetName=NetDS1_5 Pin=DS2-5
Added Pin To Net: NetName=NetDS1_5 Pin=DS3-5
Added Pin To Net: NetName=NetDS1_5 Pin=DS4-5
Added Pin To Net: NetName=NetDS1_5 Pin=IC1-9
Added Net: Name=NetDS1_5
Added Pin To Net: NetName=NetDS1_6 Pin=DS1-6
Added Pin To Net: NetName=NetDS1_6 Pin=DS2-6
Added Pin To Net: NetName=NetDS1_6 Pin=DS3-6
Added Pin To Net: NetName=NetDS1_6 Pin=DS4-6
Added Pin To Net: NetName=NetDS1_6 Pin=IC1-3
Added Net: Name=NetDS1_6
Added Pin To Net: NetName=NetDS1_7 Pin=DS1-7
Added Pin To Net: NetName=NetDS1_7 Pin=DS2-7
Added Pin To Net: NetName=NetDS1_7 Pin=DS3-7
Added Pin To Net: NetName=NetDS1_7 Pin=DS4-7
Added Pin To Net: NetName=NetDS1_7 Pin=IC1-2
Added Net: Name=NetDS1_7
Added Pin To Net: NetName=NetDS1_8 Pin=DS1-8
Added Pin To Net: NetName=NetDS1_8 Pin=IC1-15
Added Net: Name=NetDS1_8
Added Pin To Net: NetName=NetDS1_9 Pin=DS1-9
Added Pin To Net: NetName=NetDS1_9 Pin=DS2-9
Added Pin To Net: NetName=NetDS1_9 Pin=DS3-9
Added Pin To Net: NetName=NetDS1_9 Pin=DS4-9
Added Pin To Net: NetName=NetDS1_9 Pin=IC1-7
Added Net: Name=NetDS1_9
Added Pin To Net: NetName=NetDS1_10 Pin=DS1-10
Added Pin To Net: NetName=NetDS1_10 Pin=DS2-10
Added Pin To Net: NetName=NetDS1_10 Pin=DS3-10
Added Pin To Net: NetName=NetDS1_10 Pin=DS4-10
Added Pin To Net: NetName=NetDS1_10 Pin=IC1-8
Added Net: Name=NetDS1_10
Added Pin To Net: NetName=NetDS2_8 Pin=DS2-8
Added Pin To Net: NetName=NetDS2_8 Pin=IC1-14
Added Net: Name=NetDS2_8
Added Pin To Net: NetName=NetDS3_8 Pin=DS3-8
Added Pin To Net: NetName=NetDS3_8 Pin=IC1-13
Added Net: Name=NetDS3_8
Added Pin To Net: NetName=NetDS4_8 Pin=DS4-8
Added Pin To Net: NetName=NetDS4_8 Pin=IC1-12
Added Net: Name=NetDS4_8
Added Pin To Net: NetName=NetIC1_17 Pin=IC1-17
Added Pin To Net: NetName=NetIC1_17 Pin=K20-4
Added Net: Name=NetIC1_17
Added Pin To Net: NetName=NetIC1_18 Pin=IC1-18
Added Pin To Net: NetName=NetIC1_18 Pin=K20-2
Added Net: Name=NetIC1_18
Added Pin To Net: NetName=NetIC2_1 Pin=IC2-1
Added Pin To Net: NetName=NetIC2_1 Pin=R14-2
Added Net: Name=NetIC2_1
Added Pin To Net: NetName=NetIC2_2 Pin=IC2-2
Added Pin To Net: NetName=NetIC2_2 Pin=R15-2
Added Net: Name=NetIC2_2
Added Pin To Net: NetName=NetIC2_6 Pin=IC2-6
Added Pin To Net: NetName=NetIC2_6 Pin=R8-2
Added Net: Name=NetIC2_6
Added Pin To Net: NetName=NetIC2_7 Pin=IC2-7
Added Pin To Net: NetName=NetIC2_7 Pin=R5-2
Added Net: Name=NetIC2_7
Added Pin To Net: NetName=NetIC3_1 Pin=IC3-1
Added Pin To Net: NetName=NetIC3_1 Pin=R19-1
Added Net: Name=NetIC3_1
Added Pin To Net: NetName=NetIC3_2 Pin=IC3-2
Added Pin To Net: NetName=NetIC3_2 Pin=K7-2
Added Pin To Net: NetName=NetIC3_2 Pin=R16-1
Added Net: Name=NetIC3_2
Added Pin To Net: NetName=NetIC3_7 Pin=IC3-7
Added Pin To Net: NetName=NetIC3_7 Pin=K5-1
Added Net: Name=NetIC3_7
Added Pin To Net: NetName=NetIC3_8 Pin=IC3-8
Added Pin To Net: NetName=NetIC3_8 Pin=K5-2
Added Net: Name=NetIC3_8
Added Pin To Net: NetName=NetIC3_12 Pin=IC3-12
Added Pin To Net: NetName=NetIC3_12 Pin=K9-1
Added Net: Name=NetIC3_12
Added Pin To Net: NetName=NetIC3_13 Pin=IC3-13
Added Pin To Net: NetName=NetIC3_13 Pin=K9-2
Added Net: Name=NetIC3_13
Added Pin To Net: NetName=NetIC3_14 Pin=IC3-14
Added Pin To Net: NetName=NetIC3_14 Pin=K9-3
Added Net: Name=NetIC3_14
Added Pin To Net: NetName=NetIC3_15 Pin=IC3-15
Added Pin To Net: NetName=NetIC3_15 Pin=K9-4
Added Net: Name=NetIC3_15
Added Pin To Net: NetName=NetIC3_16 Pin=IC3-16
Added Pin To Net: NetName=NetIC3_16 Pin=K9-5
Added Net: Name=NetIC3_16
Added Pin To Net: NetName=NetIC3_19 Pin=IC3-19
Added Pin To Net: NetName=NetIC3_19 Pin=R7-2
Added Net: Name=NetIC3_19
Added Pin To Net: NetName=NetIC3_20 Pin=IC3-20
Added Pin To Net: NetName=NetIC3_20 Pin=K4-1
Added Net: Name=NetIC3_20
Added Pin To Net: NetName=NetIC3_21 Pin=IC3-21
Added Pin To Net: NetName=NetIC3_21 Pin=K4-2
Added Net: Name=NetIC3_21
Added Pin To Net: NetName=NetIC3_22 Pin=IC3-22
Added Pin To Net: NetName=NetIC3_22 Pin=K4-3
Added Net: Name=NetIC3_22
Added Pin To Net: NetName=NetIC3_23 Pin=IC3-23
Added Pin To Net: NetName=NetIC3_23 Pin=K6-2
Added Net: Name=NetIC3_23
Added Pin To Net: NetName=NetIC3_24 Pin=IC3-24
Added Pin To Net: NetName=NetIC3_24 Pin=K6-3
Added Net: Name=NetIC3_24
Added Pin To Net: NetName=NetIC3_27 Pin=IC3-27
Added Pin To Net: NetName=NetIC3_27 Pin=K11-1
Added Net: Name=NetIC3_27
Added Pin To Net: NetName=NetIC3_28 Pin=IC3-28
Added Pin To Net: NetName=NetIC3_28 Pin=K11-4
Added Net: Name=NetIC3_28
Added Pin To Net: NetName=NetIC3_30 Pin=IC3-30
Added Pin To Net: NetName=NetIC3_30 Pin=K11-5
Added Net: Name=NetIC3_30
Added Pin To Net: NetName=NetIC3_33 Pin=IC3-33
Added Pin To Net: NetName=NetIC3_33 Pin=K10-3
Added Net: Name=NetIC3_33
Added Pin To Net: NetName=NetIC3_34 Pin=IC3-34
Added Pin To Net: NetName=NetIC3_34 Pin=K10-2
Added Net: Name=NetIC3_34
Added Pin To Net: NetName=NetIC3_35 Pin=IC3-35
Added Pin To Net: NetName=NetIC3_35 Pin=K12-4
Added Pin To Net: NetName=NetIC3_35 Pin=R22-2
Added Net: Name=NetIC3_35
Added Pin To Net: NetName=NetIC3_36 Pin=IC3-36
Added Pin To Net: NetName=NetIC3_36 Pin=K12-2
Added Pin To Net: NetName=NetIC3_36 Pin=R21-1
Added Net: Name=NetIC3_36
Added Pin To Net: NetName=NetIC3_37 Pin=IC3-37
Added Pin To Net: NetName=NetIC3_37 Pin=K12-3
Added Net: Name=NetIC3_37
Added Pin To Net: NetName=NetIC3_38 Pin=IC3-38
Added Pin To Net: NetName=NetIC3_38 Pin=K12-5
Added Net: Name=NetIC3_38
Added Pin To Net: NetName=NetIC3_39 Pin=IC3-39
Added Pin To Net: NetName=NetIC3_39 Pin=K12-7
Added Net: Name=NetIC3_39
Added Pin To Net: NetName=NetIC3_40 Pin=IC3-40
Added Pin To Net: NetName=NetIC3_40 Pin=K12-9
Added Net: Name=NetIC3_40
Added Pin To Net: NetName=NetK1_1 Pin=K1-1
Added Pin To Net: NetName=NetK1_1 Pin=RE1-3
Added Net: Name=NetK1_1
Added Pin To Net: NetName=NetK2_2 Pin=K2-2
Added Pin To Net: NetName=NetK2_2 Pin=RE1-2
Added Pin To Net: NetName=NetK2_2 Pin=RE1-5
Added Net: Name=NetK2_2
Added Pin To Net: NetName=NetK3_2 Pin=K3-2
Added Pin To Net: NetName=NetK3_2 Pin=R4-2
Added Pin To Net: NetName=NetK3_2 Pin=R13-2
Added Net: Name=NetK3_2
Added Pin To Net: NetName=NetK8_1 Pin=K8-1
Added Pin To Net: NetName=NetK8_1 Pin=L2-3
Added Net: Name=NetK8_1
Added Pin To Net: NetName=NetK8_2 Pin=K8-2
Added Pin To Net: NetName=NetK8_2 Pin=L2-2
Added Net: Name=NetK8_2
Added Pin To Net: NetName=NetL2_4 Pin=L2-4
Added Pin To Net: NetName=NetL2_4 Pin=T3-2
Added Net: Name=NetL2_4
Added Pin To Net: NetName=NetR7_1 Pin=R7-1
Added Pin To Net: NetName=NetR7_1 Pin=R10-1
Added Pin To Net: NetName=NetR7_1 Pin=T1-2
Added Net: Name=NetR7_1
Added Net: Name=NetR11_1
Added Pin To Net: NetName=NetR17_1 Pin=R17-1
Added Pin To Net: NetName=NetR17_1 Pin=T2-2
Added Pin To Net: NetName=NetR17_1 Pin=T4-1
Added Pin To Net: NetName=NetR17_1 Pin=T?-2
Added Net: Name=NetR17_1
Added Pin To Net: NetName=NetR18_1 Pin=R18-1
Added Pin To Net: NetName=NetR18_1 Pin=T2-3
Added Pin To Net: NetName=NetR18_1 Pin=T?-3
Added Net: Name=NetR18_1
Added Pin To Net: NetName=NetR18_2 Pin=R18-2
Added Pin To Net: NetName=NetR18_2 Pin=T3-1
Added Net: Name=NetR18_2
Added Pin To Net: NetName=Regelaar_T4 Pin=R19-2
Added Net: Name=Regelaar_T4
Added Pin To Net: NetName=Versterker_R5 Pin=IC3-9
Added Net: Name=Versterker_R5
Added Pin To Net: NetName=Versterker_R14 Pin=IC3-10
Added Net: Name=Versterker_R14
Added Pin To Net: NetName=Vin Pin=BR2-1
Added Pin To Net: NetName=Vin Pin=C1-1
Added Pin To Net: NetName=Vin Pin=R17-2
Added Pin To Net: NetName=Vin Pin=T2-1
Added Pin To Net: NetName=Vin Pin=T3-3
Added Net: Name=Vin
Added Pin To Net: NetName=Voeding_R6/R3 Pin=IC3-11
Added Net: Name=Voeding_R6/R3
Added Pin To Net: NetName=Voeding_RE1 Pin=T1-1
Added Net: Name=Voeding_RE1
Added Member To Class: ClassName=Voeding Member=Component BR1 KBJ608G
Added Member To Class: ClassName=Voeding Member=Component BR2 KBJ608G
Added Member To Class: ClassName=Voeding Member=Component C1 4700F
Added Member To Class: ClassName=Versterker Member=Component C2 10F
Added Member To Class: ClassName=Versterker Member=Component C3 100nF
Added Member To Class: ClassName=Voeding Member=Component C4 100F
Added Member To Class: ClassName=Voeding Member=Component C5 10F
Add Class Member: Failed to add class member : Component C6 10nF
Add Class Member: Failed to add class member : Component C7 10nF
Added Member To Class: ClassName=MainIC Member=Component C8 100nF
Added Member To Class: ClassName=MainIC Member=Component C9 100nF
Added Member To Class: ClassName=MainIC Member=Component C10 10F
Added Member To Class: ClassName=MainIC Member=Component C11 100nF
Add Class Member: Failed to add class member : Component C12 10nF
Add Class Member: Failed to add class member : Component C13 10nF
Added Member To Class: ClassName=MainIC Member=Component C14 100nF
Added Member To Class: ClassName=Display Member=Component C20 100F
Added Member To Class: ClassName=Display Member=Component C21 100nF
Added Member To Class: ClassName=Display Member=Component C22 10nF
Added Member To Class: ClassName=Display Member=Component C23 10nF
Added Member To Class: ClassName=Display Member=Component C24 10nF
Added Member To Class: ClassName=Voeding Member=Component D1 1N4007-B
Added Member To Class: ClassName=Voeding Member=Component D2 1N5231B
Added Member To Class: ClassName=MainIC Member=Component D3 1N4148
Added Member To Class: ClassName=Display Member=Component DS1 157136S12801
Added Member To Class: ClassName=Display Member=Component DS2 157136S12801
Added Member To Class: ClassName=Display Member=Component DS3 157136S12801
Added Member To Class: ClassName=Display Member=Component DS4 157136S12801
Added Member To Class: ClassName=Display Member=Component IC1 TM1637__SOP_
Added Member To Class: ClassName=Versterker Member=Component IC2 MCP6002-I_P
Added Member To Class: ClassName=MainIC Member=Component IC3 ATMEGA4809-PF
Added Member To Class: ClassName=Voeding Member=Component K1 2 pin
Added Member To Class: ClassName=Voeding Member=Component K2 2 pin
Added Member To Class: ClassName=Versterker Member=Component K3 2 pin
Added Member To Class: ClassName=MainIC Member=Component K4
Added Member To Class: ClassName=MainIC Member=Component K5 2 pin
Added Member To Class: ClassName=MainIC Member=Component K6 UART2
Added Member To Class: ClassName=MainIC Member=Component K7
Added Member To Class: ClassName=Regelaar Member=Component K8 2 pin
Added Member To Class: ClassName=MainIC Member=Component K9 5 pin
Added Member To Class: ClassName=MainIC Member=Component K10 UART0
Added Member To Class: ClassName=MainIC Member=Component K11 6pin
Added Member To Class: ClassName=MainIC Member=Component K12 10 pin
Added Member To Class: ClassName=Display Member=Component K20 10 pin
Add Class Member: Failed to add class member : Component L1 10uH, 2.5A
Added Member To Class: ClassName=Regelaar Member=Component L2 10A
Added Member To Class: ClassName=Voeding Member=Component PS1 R-78B5.0-1.0L
Add Class Member: Failed to add class member : Component R1 18k
Add Class Member: Failed to add class member : Component R2 1M
Add Class Member: Failed to add class member : Component R3 68k
Added Member To Class: ClassName=Versterker Member=Component R4 5k6
Added Member To Class: ClassName=Versterker Member=Component R5 5k6
Added Member To Class: ClassName=Voeding Member=Component R6 10k
Added Member To Class: ClassName=MainIC Member=Component R7 10k
Added Member To Class: ClassName=Versterker Member=Component R8 100
Add Class Member: Failed to add class member : Component R9 10M
Added Member To Class: ClassName=MainIC Member=Component R10 4k7
Add Class Member: Failed to add class member : Component R11 18k
Add Class Member: Failed to add class member : Component R12 18k
Added Member To Class: ClassName=Versterker Member=Component R13 5k6
Added Member To Class: ClassName=Versterker Member=Component R14 5k6
Added Member To Class: ClassName=Versterker Member=Component R15 100
Added Member To Class: ClassName=MainIC Member=Component R16 4k7
Added Member To Class: ClassName=Regelaar Member=Component R17 4k7
Added Member To Class: ClassName=Regelaar Member=Component R18 100
Added Member To Class: ClassName=MainIC Member=Component R19 10k
Added Member To Class: ClassName=Regelaar Member=Component R20 4k7
Added Member To Class: ClassName=MainIC Member=Component R21 4k7
Added Member To Class: ClassName=MainIC Member=Component R22 4k7
Added Member To Class: ClassName=Display Member=Component R30 10k
Added Member To Class: ClassName=Display Member=Component R31 10k
Added Member To Class: ClassName=Display Member=Component R32 10k
Added Member To Class: ClassName=Voeding Member=Component RE1 RT424005
Added Member To Class: ClassName=Display Member=Component S1 482016514001
Added Member To Class: ClassName=MainIC Member=Component T1 NPN BC547CTFR
Added Member To Class: ClassName=Regelaar Member=Component T2 NPN BC547CTFR
Added Member To Class: ClassName=Regelaar Member=Component T3 IRF9Z34NPBF
Added Member To Class: ClassName=Regelaar Member=Component T4 NPN BC547CTFR
Added Member To Class: ClassName=Regelaar Member=Component T? BC557ATA
Added Room: Name=Display
Added Room: Name=MainIC
Added Room: Name=Regelaar
Added Room: Name=Versterker
Added Room: Name=Voeding
