Change Component Footprint: Designator=K5 Old Footprint=212520-1002 New Footprint=691214110002
Change Component Footprint: Designator=K6 Old Footprint=216571-YY04 New Footprint=SHDR4W78P0X254_1X4_1026X252X700P
Change Component Footprint: Designator=D2 Old Footprint=AFL-W2C8.9D New Footprint=DIOAD1165W56L425D185
Change Component Footprint: Designator=C3 Old Footprint=CAPC2012X88N New Footprint=WCAP-CSGP_0805_L2W1.25H0.8_Reflow
Change Component Footprint: Designator=C8 Old Footprint=CAPC2012X88N New Footprint=WCAP-CSGP_0805_L2W1.25H0.8_Reflow
Change Component Footprint: Designator=C9 Old Footprint=CAPC2012X88N New Footprint=WCAP-CSGP_0805_L2W1.25H0.8_Reflow
Change Component Footprint: Designator=C11 Old Footprint=CAPC2012X88N New Footprint=WCAP-CSGP_0805_L2W1.25H0.8_Reflow
Change Component Footprint: Designator=C14 Old Footprint=CAPC2012X88N New Footprint=WCAP-CSGP_0805_L2W1.25H0.8_Reflow
Change Component Footprint: Designator=C21 Old Footprint=CAPC2012X88N New Footprint=WCAP-CSGP_0805_L2W1.25H0.8_Reflow
Change Component Footprint: Designator=C2 Old Footprint=CAPPRD200W52D500H1250 New Footprint=WCAP-AT1H_D5H11
Change Component Footprint: Designator=C5 Old Footprint=CAPPRD200W52D500H1250 New Footprint=WCAP-AT1H_D5H11
Change Component Footprint: Designator=C10 Old Footprint=CAPPRD200W52D500H1250 New Footprint=WCAP-AT1H_D5H11
Change Component Footprint: Designator=C20 Old Footprint=CAPPRD750W82D1800H2700 New Footprint=WCAP-AT1H_D10H16
Change Component Footprint: Designator=C1 Old Footprint=CAPPRD1000W80D2200H3700 New Footprint=WCAP-ATG8_D22H41
Change Component Footprint: Designator=K9 Old Footprint=HDR1X5 New Footprint=215297-5_TYC
Change Component Footprint: Designator=K11 Old Footprint=HDR2X3 New Footprint=215307-3_TYC
Change Component Footprint: Designator=K12 Old Footprint=HDR2X5 New Footprint=215307-5_TYC
Change Component Footprint: Designator=K20 Old Footprint=HDR2X5 New Footprint=215307-5_TYC
Change Component Footprint: Designator=K4 Old Footprint=SHDR3W79P0X254_1X3_762X580X1175P New Footprint=691214310003
Change Component Footprint: Designator=K7 Old Footprint=SHDR3W79P0X254_1X3_762X580X1175P New Footprint=691214310003
Change Component Footprint: Designator=K10 Old Footprint=SHDR3W79P0X254_1X3_762X580X1175P New Footprint=691214310003
Change Component Footprint: Designator=T1 Old Footprint=TO-92-3L_5P33X5P2_ONS New Footprint=BC33740TA
Change Component Footprint: Designator=T2 Old Footprint=TO-92-3L_5P33X5P2_ONS New Footprint=BC33740TA
Change Component Footprint: Designator=T4 Old Footprint=TO-92-3L_5P33X5P2_ONS New Footprint=BC33740TA
Change Component Footprint: Designator=C4 Old Footprint=WCAP-ATG8_D22H41 New Footprint=WCAP-AT1H_D10H16
Change Component Comment : Designator=K4 Old Comment= New Comment=3 pin
Change Component Comment : Designator=K7 Old Comment= New Comment=3 pin
Change Component Comment : Designator=K10 Old Comment=UART0 New Comment=3 pin
Change Component Comment : Designator=K6 Old Comment=UART2 New Comment=4 pin
Added Component: Designator=C6(WCAP-CSGP_0805_L2W1.25H0.8_Reflow)
Add component (AddParameter): Name = "Capacitance"; Value = "10nF"; VariantName = "[No Variations]"
Add component (AddParameter): Name = "Capacitance Tolerance"; Value = "+/-10%"; VariantName = "[No Variations]"
Add component (AddParameter): Name = "Ceramic Type"; Value = "X7R"; VariantName = "[No Variations]"
Add component (AddParameter): Name = "ComponentLink1Description"; Value = "Manufacturer Link"; VariantName = "[No Variations]"
Add component (AddParameter): Name = "ComponentLink1URL"; Value = "http://www.we-online.de"; VariantName = "[No Variations]"
Add component (AddParameter): Name = "ComponentLink2Description"; Value = "Datasheet"; VariantName = "[No Variations]"
Add component (AddParameter): Name = "ComponentLink2URL"; Value = "https://www.we-online.com/catalog/datasheet/885012207092.pdf"; VariantName = "[No Variations]"
Add component (AddParameter): Name = "Dissipation Factor"; Value = "2.5%"; VariantName = "[No Variations]"
Add component (AddParameter): Name = "Height"; Value = "0.8mm"; VariantName = "[No Variations]"
Add component (AddParameter): Name = "Isolation Resistance"; Value = "10GOhm"; VariantName = "[No Variations]"
Add component (AddParameter): Name = "Length"; Value = "2mm"; VariantName = "[No Variations]"
Add component (AddParameter): Name = "Manufacturer"; Value = "Wurth Elektronik"; VariantName = "[No Variations]"
Add component (AddParameter): Name = "Manufacturer Part Number"; Value = "885012207092"; VariantName = "[No Variations]"
Add component (AddParameter): Name = "Mounting Technology"; Value = "SMT"; VariantName = "[No Variations]"
Add component (AddParameter): Name = "Operating Temperature max."; Value = "125C"; VariantName = "[No Variations]"
Add component (AddParameter): Name = "Operating Temperature min."; Value = "-55C"; VariantName = "[No Variations]"
Add component (AddParameter): Name = "Packaging"; Value = "Tape and Reel"; VariantName = "[No Variations]"
Add component (AddParameter): Name = "Q-Factor"; Value = ""; VariantName = "[No Variations]"
Add component (AddParameter): Name = "Rated Voltage"; Value = "50V"; VariantName = "[No Variations]"
Add component (AddParameter): Name = "Size"; Value = "0805"; VariantName = "[No Variations]"
Add component (AddParameter): Name = "Technical Reference"; Value = "X7R0805103K050DFCT10000"; VariantName = "[No Variations]"
Add component (AddParameter): Name = "Width"; Value = "1.25mm"; VariantName = "[No Variations]"
Added Component: Designator=C7(WCAP-CSGP_0805_L2W1.25H0.8_Reflow)
Add component (AddParameter): Name = "Capacitance"; Value = "10nF"; VariantName = "[No Variations]"
Add component (AddParameter): Name = "Capacitance Tolerance"; Value = "+/-10%"; VariantName = "[No Variations]"
Add component (AddParameter): Name = "Ceramic Type"; Value = "X7R"; VariantName = "[No Variations]"
Add component (AddParameter): Name = "ComponentLink1Description"; Value = "Manufacturer Link"; VariantName = "[No Variations]"
Add component (AddParameter): Name = "ComponentLink1URL"; Value = "http://www.we-online.de"; VariantName = "[No Variations]"
Add component (AddParameter): Name = "ComponentLink2Description"; Value = "Datasheet"; VariantName = "[No Variations]"
Add component (AddParameter): Name = "ComponentLink2URL"; Value = "https://www.we-online.com/catalog/datasheet/885012207092.pdf"; VariantName = "[No Variations]"
Add component (AddParameter): Name = "Dissipation Factor"; Value = "2.5%"; VariantName = "[No Variations]"
Add component (AddParameter): Name = "Height"; Value = "0.8mm"; VariantName = "[No Variations]"
Add component (AddParameter): Name = "Isolation Resistance"; Value = "10GOhm"; VariantName = "[No Variations]"
Add component (AddParameter): Name = "Length"; Value = "2mm"; VariantName = "[No Variations]"
Add component (AddParameter): Name = "Manufacturer"; Value = "Wurth Elektronik"; VariantName = "[No Variations]"
Add component (AddParameter): Name = "Manufacturer Part Number"; Value = "885012207092"; VariantName = "[No Variations]"
Add component (AddParameter): Name = "Mounting Technology"; Value = "SMT"; VariantName = "[No Variations]"
Add component (AddParameter): Name = "Operating Temperature max."; Value = "125C"; VariantName = "[No Variations]"
Add component (AddParameter): Name = "Operating Temperature min."; Value = "-55C"; VariantName = "[No Variations]"
Add component (AddParameter): Name = "Packaging"; Value = "Tape and Reel"; VariantName = "[No Variations]"
Add component (AddParameter): Name = "Q-Factor"; Value = ""; VariantName = "[No Variations]"
Add component (AddParameter): Name = "Rated Voltage"; Value = "50V"; VariantName = "[No Variations]"
Add component (AddParameter): Name = "Size"; Value = "0805"; VariantName = "[No Variations]"
Add component (AddParameter): Name = "Technical Reference"; Value = "X7R0805103K050DFCT10000"; VariantName = "[No Variations]"
Add component (AddParameter): Name = "Width"; Value = "1.25mm"; VariantName = "[No Variations]"
Added Component: Designator=C12(WCAP-CSGP_0805_L2W1.25H0.8_Reflow)
Add component (AddParameter): Name = "Capacitance"; Value = "10nF"; VariantName = "[No Variations]"
Add component (AddParameter): Name = "Capacitance Tolerance"; Value = "+/-10%"; VariantName = "[No Variations]"
Add component (AddParameter): Name = "Ceramic Type"; Value = "X7R"; VariantName = "[No Variations]"
Add component (AddParameter): Name = "ComponentLink1Description"; Value = "Manufacturer Link"; VariantName = "[No Variations]"
Add component (AddParameter): Name = "ComponentLink1URL"; Value = "http://www.we-online.de"; VariantName = "[No Variations]"
Add component (AddParameter): Name = "ComponentLink2Description"; Value = "Datasheet"; VariantName = "[No Variations]"
Add component (AddParameter): Name = "ComponentLink2URL"; Value = "https://www.we-online.com/catalog/datasheet/885012207092.pdf"; VariantName = "[No Variations]"
Add component (AddParameter): Name = "Dissipation Factor"; Value = "2.5%"; VariantName = "[No Variations]"
Add component (AddParameter): Name = "Height"; Value = "0.8mm"; VariantName = "[No Variations]"
Add component (AddParameter): Name = "Isolation Resistance"; Value = "10GOhm"; VariantName = "[No Variations]"
Add component (AddParameter): Name = "Length"; Value = "2mm"; VariantName = "[No Variations]"
Add component (AddParameter): Name = "Manufacturer"; Value = "Wurth Elektronik"; VariantName = "[No Variations]"
Add component (AddParameter): Name = "Manufacturer Part Number"; Value = "885012207092"; VariantName = "[No Variations]"
Add component (AddParameter): Name = "Mounting Technology"; Value = "SMT"; VariantName = "[No Variations]"
Add component (AddParameter): Name = "Operating Temperature max."; Value = "125C"; VariantName = "[No Variations]"
Add component (AddParameter): Name = "Operating Temperature min."; Value = "-55C"; VariantName = "[No Variations]"
Add component (AddParameter): Name = "Packaging"; Value = "Tape and Reel"; VariantName = "[No Variations]"
Add component (AddParameter): Name = "Q-Factor"; Value = ""; VariantName = "[No Variations]"
Add component (AddParameter): Name = "Rated Voltage"; Value = "50V"; VariantName = "[No Variations]"
Add component (AddParameter): Name = "Size"; Value = "0805"; VariantName = "[No Variations]"
Add component (AddParameter): Name = "Technical Reference"; Value = "X7R0805103K050DFCT10000"; VariantName = "[No Variations]"
Add component (AddParameter): Name = "Width"; Value = "1.25mm"; VariantName = "[No Variations]"
Added Component: Designator=C13(WCAP-CSGP_0805_L2W1.25H0.8_Reflow)
Add component (AddParameter): Name = "Capacitance"; Value = "10nF"; VariantName = "[No Variations]"
Add component (AddParameter): Name = "Capacitance Tolerance"; Value = "+/-10%"; VariantName = "[No Variations]"
Add component (AddParameter): Name = "Ceramic Type"; Value = "X7R"; VariantName = "[No Variations]"
Add component (AddParameter): Name = "ComponentLink1Description"; Value = "Manufacturer Link"; VariantName = "[No Variations]"
Add component (AddParameter): Name = "ComponentLink1URL"; Value = "http://www.we-online.de"; VariantName = "[No Variations]"
Add component (AddParameter): Name = "ComponentLink2Description"; Value = "Datasheet"; VariantName = "[No Variations]"
Add component (AddParameter): Name = "ComponentLink2URL"; Value = "https://www.we-online.com/catalog/datasheet/885012207092.pdf"; VariantName = "[No Variations]"
Add component (AddParameter): Name = "Dissipation Factor"; Value = "2.5%"; VariantName = "[No Variations]"
Add component (AddParameter): Name = "Height"; Value = "0.8mm"; VariantName = "[No Variations]"
Add component (AddParameter): Name = "Isolation Resistance"; Value = "10GOhm"; VariantName = "[No Variations]"
Add component (AddParameter): Name = "Length"; Value = "2mm"; VariantName = "[No Variations]"
Add component (AddParameter): Name = "Manufacturer"; Value = "Wurth Elektronik"; VariantName = "[No Variations]"
Add component (AddParameter): Name = "Manufacturer Part Number"; Value = "885012207092"; VariantName = "[No Variations]"
Add component (AddParameter): Name = "Mounting Technology"; Value = "SMT"; VariantName = "[No Variations]"
Add component (AddParameter): Name = "Operating Temperature max."; Value = "125C"; VariantName = "[No Variations]"
Add component (AddParameter): Name = "Operating Temperature min."; Value = "-55C"; VariantName = "[No Variations]"
Add component (AddParameter): Name = "Packaging"; Value = "Tape and Reel"; VariantName = "[No Variations]"
Add component (AddParameter): Name = "Q-Factor"; Value = ""; VariantName = "[No Variations]"
Add component (AddParameter): Name = "Rated Voltage"; Value = "50V"; VariantName = "[No Variations]"
Add component (AddParameter): Name = "Size"; Value = "0805"; VariantName = "[No Variations]"
Add component (AddParameter): Name = "Technical Reference"; Value = "X7R0805103K050DFCT10000"; VariantName = "[No Variations]"
Add component (AddParameter): Name = "Width"; Value = "1.25mm"; VariantName = "[No Variations]"
Added Component: Designator=L1(744711003)
Add component (AddParameter): Name = "ComponentLink1Description"; Value = "Manufacturer"; VariantName = "[No Variations]"
Add component (AddParameter): Name = "ComponentLink1URL"; Value = "http://www.we-online.de"; VariantName = "[No Variations]"
Add component (AddParameter): Name = "ComponentLink2Description"; Value = "Datasheet"; VariantName = "[No Variations]"
Add component (AddParameter): Name = "ComponentLink2URL"; Value = "https://www.we-online.com/catalog/datasheet/744711003.pdf"; VariantName = "[No Variations]"
Add component (AddParameter): Name = "DC Resistance"; Value = "33mOhm"; VariantName = "[No Variations]"
Add component (AddParameter): Name = "Inductance"; Value = "10uH"; VariantName = "[No Variations]"
Add component (AddParameter): Name = "Manufacturer"; Value = "Wurth Elektronik"; VariantName = "[No Variations]"
Add component (AddParameter): Name = "Manufacturer Part Number"; Value = "744711003"; VariantName = "[No Variations]"
Add component (AddParameter): Name = "Mounting Technology"; Value = "THT"; VariantName = "[No Variations]"
Add component (AddParameter): Name = "Operating Temperature"; Value = "-40 to +150degC"; VariantName = "[No Variations]"
Add component (AddParameter): Name = "Packaging"; Value = "Carton"; VariantName = "[No Variations]"
Add component (AddParameter): Name = "Published Date"; Value = "May 2021"; VariantName = "[No Variations]"
Add component (AddParameter): Name = "Rated Current"; Value = "2.5A"; VariantName = "[No Variations]"
Add Component: Footprint Not Found FP-RR1220-IPC_A
Added Component: Designator=R2(RESC3115X65N)
Add component (AddParameter): Name = "Automotive"; Value = "No"; VariantName = "[No Variations]"
Add component (AddParameter): Name = "Category"; Value = "Res"; VariantName = "[No Variations]"
Add component (AddParameter): Name = "ComponentLink2Description"; Value = "Datasheet"; VariantName = "[No Variations]"
Add component (AddParameter): Name = "ComponentLink2URL"; Value = "https://www.te.com/commerce/DocumentDelivery/DDEController?Action=showdoc&DocId=Data+Sheet%7F1773272%7FL%7Fpdf%7FEnglish%7FENG_DS_1773272_L.pdf%7F8-1879255-6"; VariantName = "[No Variations]"
Add component (AddParameter): Name = "Composition"; Value = "Thin Film"; VariantName = "[No Variations]"
Add component (AddParameter): Name = "Device Class L1"; Value = "Passive Components"; VariantName = "[No Variations]"
Add component (AddParameter): Name = "Device Class L2"; Value = "Resistors"; VariantName = "[No Variations]"
Add component (AddParameter): Name = "Device Class L3"; Value = "Chip SMD Resistors"; VariantName = "[No Variations]"
Add component (AddParameter): Name = "Height"; Value = "0.65mm"; VariantName = "[No Variations]"
Add component (AddParameter): Name = "Ipc Land Pattern Name"; Value = "RESC305155X55"; VariantName = "[No Variations]"
Add component (AddParameter): Name = "Lead Free"; Value = "Yes"; VariantName = "[No Variations]"
Add component (AddParameter): Name = "Manufacturer"; Value = "TE Connectivity"; VariantName = "[No Variations]"
Add component (AddParameter): Name = "Manufacturer Part Number"; Value = "RP73D2B1M0BTDF"; VariantName = "[No Variations]"
Add component (AddParameter): Name = "Octopart"; Value = "https://octopart.com/rp73d2b1m0btdf-te+connectivity-22741454"; VariantName = "[No Variations]"
Add component (AddParameter): Name = "octopart_url"; Value = "https://octopart.com/rp73d2b1m0btdf-te+connectivity-22741454"; VariantName = "[No Variations]"
Add component (AddParameter): Name = "Package"; Value = "RP732B"; VariantName = "[No Variations]"
Add component (AddParameter): Name = "packaging"; Value = "1000 Reel"; VariantName = "[No Variations]"
Add component (AddParameter): Name = "Power Rating"; Value = "0.25W"; VariantName = "[No Variations]"
Add component (AddParameter): Name = "Resistance"; Value = "1M0O"; VariantName = "[No Variations]"
Add component (AddParameter): Name = "RoHS"; Value = "TRUE"; VariantName = "[No Variations]"
Add component (AddParameter): Name = "Series"; Value = "RP73"; VariantName = "[No Variations]"
Add component (AddParameter): Name = "Temperature"; Value = "-55°C to 155°C"; VariantName = "[No Variations]"
Add component (AddParameter): Name = "Temperature Coefficient"; Value = "15ppm/°C"; VariantName = "[No Variations]"
Add component (AddParameter): Name = "Temperature Range High"; Value = "155°C"; VariantName = "[No Variations]"
Add component (AddParameter): Name = "Temperature Range Low"; Value = "-55°C"; VariantName = "[No Variations]"
Add component (AddParameter): Name = "Tolerance"; Value = "0.1%"; VariantName = "[No Variations]"
Add component (AddParameter): Name = "Value"; Value = "1M0O"; VariantName = "[No Variations]"
Add component (AddParameter): Name = "Voltage Rating"; Value = "200V"; VariantName = "[No Variations]"
Added Component: Designator=R3(RESC2012X60N)
Add component (AddParameter): Name = "Case Code (Imperial)"; Value = "0805"; VariantName = "[No Variations]"
Add component (AddParameter): Name = "Case Code (Metric)"; Value = "2012"; VariantName = "[No Variations]"
Add component (AddParameter): Name = "Case/Package"; Value = "0805"; VariantName = "[No Variations]"
Add component (AddParameter): Name = "Category"; Value = "Chip SMD Resistors"; VariantName = "[No Variations]"
Add component (AddParameter): Name = "ComponentLink1Description"; Value = "https://datasheet.ciiva.com/11812/0900766b80beefcc-11812834.pdf?src-supplier=RSComponents"; VariantName = "[No Variations]"
Add component (AddParameter): Name = "ComponentLink1URL"; Value = "https://datasheet.ciiva.com/11812/0900766b80beefcc-11812834.pdf?src-supplier=RSComponents"; VariantName = "[No Variations]"
Add component (AddParameter): Name = "ComponentLink2Description"; Value = "https://datasheet.ciiva.com/26335/453596-da-01-en-widerstand-0805-era-26335721.pdf?src-supplier=Conrad"; VariantName = "[No Variations]"
Add component (AddParameter): Name = "ComponentLink2URL"; Value = "https://datasheet.ciiva.com/26335/453596-da-01-en-widerstand-0805-era-26335721.pdf?src-supplier=Conrad"; VariantName = "[No Variations]"
Add component (AddParameter): Name = "ComponentLink3Description"; Value = "https://datasheet.ciiva.com/7886/485442-7886653.pdf?src-supplier=Element14"; VariantName = "[No Variations]"
Add component (AddParameter): Name = "ComponentLink3URL"; Value = "https://datasheet.ciiva.com/7886/485442-7886653.pdf?src-supplier=Element14"; VariantName = "[No Variations]"
Add component (AddParameter): Name = "ComponentLink4Description"; Value = "https://datasheet.ciiva.com/48530/era-eng-tds-48530013.pdf?src-supplier=Distrelec"; VariantName = "[No Variations]"
Add component (AddParameter): Name = "ComponentLink4URL"; Value = "https://datasheet.ciiva.com/48530/era-eng-tds-48530013.pdf?src-supplier=Distrelec"; VariantName = "[No Variations]"
Add component (AddParameter): Name = "ComponentLink5Description"; Value = "https://datasheet.ciiva.com/48425/era-eng-tds-48425626.pdf?src-supplier=Distrelec"; VariantName = "[No Variations]"
Add component (AddParameter): Name = "ComponentLink5URL"; Value = "https://datasheet.ciiva.com/48425/era-eng-tds-48425626.pdf?src-supplier=Distrelec"; VariantName = "[No Variations]"
Add component (AddParameter): Name = "ComponentLink6Description"; Value = "https://datasheet.ciiva.com/6138/485442-6138605.pdf?src-supplier=Farnell"; VariantName = "[No Variations]"
Add component (AddParameter): Name = "ComponentLink6URL"; Value = "https://datasheet.ciiva.com/6138/485442-6138605.pdf?src-supplier=Farnell"; VariantName = "[No Variations]"
Add component (AddParameter): Name = "ComponentLink7Description"; Value = "https://datasheet.ciiva.com/7886/485442-7886654.pdf?src-supplier=Element14"; VariantName = "[No Variations]"
Add component (AddParameter): Name = "ComponentLink7URL"; Value = "https://datasheet.ciiva.com/7886/485442-7886654.pdf?src-supplier=Element14"; VariantName = "[No Variations]"
Add component (AddParameter): Name = "ComponentLink8Description"; Value = "https://datasheet.ciiva.com/9188/aoa0000ce26-9188075.pdf?src-supplier=Avnet"; VariantName = "[No Variations]"
Add component (AddParameter): Name = "ComponentLink8URL"; Value = "https://datasheet.ciiva.com/9188/aoa0000ce26-9188075.pdf?src-supplier=Avnet"; VariantName = "[No Variations]"
Add component (AddParameter): Name = "ComponentLink9Description"; Value = "https://datasheet.ciiva.com/30076/54aoa0000ce26-30076872.pdf?src-supplier=Onlinecomponents.com"; VariantName = "[No Variations]"
Add component (AddParameter): Name = "ComponentLink9URL"; Value = "https://datasheet.ciiva.com/30076/54aoa0000ce26-30076872.pdf?src-supplier=Onlinecomponents.com"; VariantName = "[No Variations]"
Add component (AddParameter): Name = "ComponentLink10Description"; Value = "https://datasheet.ciiva.com/17208/aoa0000ce26-17208888.pdf?src-supplier=Avnet+Europe"; VariantName = "[No Variations]"
Add component (AddParameter): Name = "ComponentLink10URL"; Value = "https://datasheet.ciiva.com/17208/aoa0000ce26-17208888.pdf?src-supplier=Avnet+Europe"; VariantName = "[No Variations]"
Add component (AddParameter): Name = "Construction"; Value = "Rectangular"; VariantName = "[No Variations]"
Add component (AddParameter): Name = "Contact Plating"; Value = "Tin"; VariantName = "[No Variations]"
Add component (AddParameter): Name = "Depth"; Value = "1.25mm"; VariantName = "[No Variations]"
Add component (AddParameter): Name = "Height"; Value = "0.5mm"; VariantName = "[No Variations]"
Add component (AddParameter): Name = "Lead Free"; Value = "Lead Free"; VariantName = "[No Variations]"
Add component (AddParameter): Name = "Length"; Value = "2mm"; VariantName = "[No Variations]"
Add component (AddParameter): Name = "Manufacturer"; Value = "Panasonic"; VariantName = "[No Variations]"
Add component (AddParameter): Name = "Manufacturer Part Number"; Value = "ERA-6AEB683V"; VariantName = "[No Variations]"
Add component (AddParameter): Name = "Max Operating Temperature"; Value = "155°C"; VariantName = "[No Variations]"
Add component (AddParameter): Name = "Max Power Dissipation"; Value = "125mW"; VariantName = "[No Variations]"
Add component (AddParameter): Name = "Military Standard"; Value = "Not"; VariantName = "[No Variations]"
Add component (AddParameter): Name = "Min Operating Temperature"; Value = "-55°C"; VariantName = "[No Variations]"
Add component (AddParameter): Name = "Mount"; Value = "Surface Mount"; VariantName = "[No Variations]"
Add component (AddParameter): Name = "Number of Pins"; Value = "2"; VariantName = "[No Variations]"
Add component (AddParameter): Name = "Number of Terminations"; Value = "2"; VariantName = "[No Variations]"
Add component (AddParameter): Name = "Package Quantity"; Value = "5000"; VariantName = "[No Variations]"
Add component (AddParameter): Name = "Packaging"; Value = "Tape and Reel"; VariantName = "[No Variations]"
Add component (AddParameter): Name = "Power Rating"; Value = "125mW"; VariantName = "[No Variations]"
Add component (AddParameter): Name = "Pricing 1"; Value = "5=0,49000, 50=0,45500, 100=0,42500, 250=0,39500, 500=0,36300 (USD)"; VariantName = "[No Variations]"
Add component (AddParameter): Name = "Radiation Hardening"; Value = "No"; VariantName = "[No Variations]"
Add component (AddParameter): Name = "REACH SVHC"; Value = "No SVHC"; VariantName = "[No Variations]"
Add component (AddParameter): Name = "Resistance"; Value = "68kR"; VariantName = "[No Variations]"
Add component (AddParameter): Name = "Resistance Tolerance"; Value = "0.1%"; VariantName = "[No Variations]"
Add component (AddParameter): Name = "Resistor Type"; Value = "Thin Film"; VariantName = "[No Variations]"
Add component (AddParameter): Name = "RoHS"; Value = "Yes"; VariantName = "[No Variations]"
Add component (AddParameter): Name = "Series"; Value = "ERA-6A"; VariantName = "[No Variations]"
Add component (AddParameter): Name = "Stock 1"; Value = "790"; VariantName = "[No Variations]"
Add component (AddParameter): Name = "Supplier 1"; Value = "RSComponents"; VariantName = "[No Variations]"
Add component (AddParameter): Name = "Technology"; Value = "METAL FILM"; VariantName = "[No Variations]"
Add component (AddParameter): Name = "Temperature Coefficient"; Value = "25ppm/°C"; VariantName = "[No Variations]"
Add component (AddParameter): Name = "Termination"; Value = "SMD/SMT"; VariantName = "[No Variations]"
Add component (AddParameter): Name = "Tolerance"; Value = "0.1%"; VariantName = "[No Variations]"
Add component (AddParameter): Name = "Voltage Rating"; Value = "100V"; VariantName = "[No Variations]"
Add component (AddParameter): Name = "Voltage Rating (DC)"; Value = "100V"; VariantName = "[No Variations]"
Add component (AddParameter): Name = "Width"; Value = "1.25mm"; VariantName = "[No Variations]"
Added Component: Designator=R9(RESC3115X65N)
Add component (AddParameter): Name = "Automotive"; Value = "No"; VariantName = "[No Variations]"
Add component (AddParameter): Name = "Category"; Value = "Res"; VariantName = "[No Variations]"
Add component (AddParameter): Name = "ComponentLink2Description"; Value = "Datasheet"; VariantName = "[No Variations]"
Add component (AddParameter): Name = "ComponentLink2URL"; Value = "https://www.te.com/commerce/DocumentDelivery/DDEController?Action=showdoc&DocId=Data+Sheet%7F1773272%7FL%7Fpdf%7FEnglish%7FENG_DS_1773272_L.pdf%7F8-1879255-6"; VariantName = "[No Variations]"
Add component (AddParameter): Name = "Composition"; Value = "Thin Film"; VariantName = "[No Variations]"
Add component (AddParameter): Name = "Device Class L1"; Value = "Passive Components"; VariantName = "[No Variations]"
Add component (AddParameter): Name = "Device Class L2"; Value = "Resistors"; VariantName = "[No Variations]"
Add component (AddParameter): Name = "Device Class L3"; Value = "Chip SMD Resistors"; VariantName = "[No Variations]"
Add component (AddParameter): Name = "Height"; Value = "0.65mm"; VariantName = "[No Variations]"
Add component (AddParameter): Name = "Ipc Land Pattern Name"; Value = "RESC305155X55"; VariantName = "[No Variations]"
Add component (AddParameter): Name = "Lead Free"; Value = "Yes"; VariantName = "[No Variations]"
Add component (AddParameter): Name = "Manufacturer"; Value = "TE Connectivity"; VariantName = "[No Variations]"
Add component (AddParameter): Name = "Manufacturer Part Number"; Value = "RP73D2B1M0BTDF"; VariantName = "[No Variations]"
Add component (AddParameter): Name = "Octopart"; Value = "https://octopart.com/rp73d2b1m0btdf-te+connectivity-22741454"; VariantName = "[No Variations]"
Add component (AddParameter): Name = "octopart_url"; Value = "https://octopart.com/rp73d2b1m0btdf-te+connectivity-22741454"; VariantName = "[No Variations]"
Add component (AddParameter): Name = "Package"; Value = "RP732B"; VariantName = "[No Variations]"
Add component (AddParameter): Name = "packaging"; Value = "1000 Reel"; VariantName = "[No Variations]"
Add component (AddParameter): Name = "Power Rating"; Value = "0.25W"; VariantName = "[No Variations]"
Add component (AddParameter): Name = "Resistance"; Value = "1M0O"; VariantName = "[No Variations]"
Add component (AddParameter): Name = "RoHS"; Value = "TRUE"; VariantName = "[No Variations]"
Add component (AddParameter): Name = "Series"; Value = "RP73"; VariantName = "[No Variations]"
Add component (AddParameter): Name = "Temperature"; Value = "-55°C to 155°C"; VariantName = "[No Variations]"
Add component (AddParameter): Name = "Temperature Coefficient"; Value = "15ppm/°C"; VariantName = "[No Variations]"
Add component (AddParameter): Name = "Temperature Range High"; Value = "155°C"; VariantName = "[No Variations]"
Add component (AddParameter): Name = "Temperature Range Low"; Value = "-55°C"; VariantName = "[No Variations]"
Add component (AddParameter): Name = "Tolerance"; Value = "0.1%"; VariantName = "[No Variations]"
Add component (AddParameter): Name = "Value"; Value = "1M0O"; VariantName = "[No Variations]"
Add component (AddParameter): Name = "Voltage Rating"; Value = "200V"; VariantName = "[No Variations]"
Add Component: Footprint Not Found FP-RR1220-IPC_A
Add Component: Footprint Not Found FP-RR1220-IPC_A
Added Pin To Net: NetName=GND Pin=C6-2
Added Pin To Net: NetName=GND Pin=C7-1
Added Pin To Net: NetName=NetC7_2 Pin=C7-2
Added Pin To Net: NetName=GND Pin=C12-1
Added Pin To Net: NetName=GND Pin=C13-1
Added Pin To Net: NetName=NetC13_2 Pin=C13-2
Added Pin To Net: NetName=NetC11_2 Pin=L1-1
Added Pin To Net: NetName=+5 Pin=L1-2
Add Pin To Net: Unknown Pin: Pin R1-1
Add Pin To Net: Unknown Pin: Pin R1-2
Added Pin To Net: NetName=NetK3_2 Pin=R2-1
Added Pin To Net: NetName=+5 Pin=R2-2
Added Pin To Net: NetName=Vin Pin=R3-2
Added Pin To Net: NetName=GND Pin=R9-1
Added Pin To Net: NetName=NetK3_2 Pin=R9-2
Add Pin To Net: Unknown Pin: Pin R11-1
Add Pin To Net: Unknown Pin: Pin R11-2
Add Pin To Net: Unknown Pin: Pin R12-1
Add Pin To Net: Unknown Pin: Pin R12-2
Added Pin To Net: NetName=RegT4-MainR19 Pin=R19-2
Added Pin To Net: NetName=RegT4-MainR19 Pin=R20-2
Added Pin To Net: NetName=RegT4-MainR19 Pin=T4-2
Added Net: Name=RegT4-MainR19
Added Pin To Net: NetName=VerR5-mainIO9 Pin=C6-1
Added Pin To Net: NetName=VerR5-mainIO9 Pin=IC3-9
Added Pin To Net: NetName=VerR5-mainIO9 Pin=R5-1
Added Net: Name=VerR5-mainIO9
Added Pin To Net: NetName=VerR14-mainIO10 Pin=C12-2
Added Pin To Net: NetName=VerR14-mainIO10 Pin=IC3-10
Added Pin To Net: NetName=VerR14-mainIO10 Pin=R14-1
Added Net: Name=VerR14-mainIO10
Added Pin To Net: NetName=VoeR6R3-mainIO11 Pin=D2-1
Added Pin To Net: NetName=VoeR6R3-mainIO11 Pin=IC3-11
Added Pin To Net: NetName=VoeR6R3-mainIO11 Pin=R3-1
Added Pin To Net: NetName=VoeR6R3-mainIO11 Pin=R6-2
Added Net: Name=VoeR6R3-mainIO11
Added Pin To Net: NetName=VoeRE1mainT1 Pin=D1-2
Added Pin To Net: NetName=VoeRE1mainT1 Pin=RE1-8
Added Pin To Net: NetName=VoeRE1mainT1 Pin=T1-1
Added Net: Name=VoeRE1mainT1
Added Member To Class: ClassName=Versterker Member=Component C6 10nF
Added Member To Class: ClassName=Versterker Member=Component C7 10nF
Added Member To Class: ClassName=Versterker Member=Component C12 10nF
Added Member To Class: ClassName=Versterker Member=Component C13 10nF
Added Member To Class: ClassName=MainIC Member=Component L1 10uH, 2.5A
Add Class Member: Failed to add class member : Component R1 18k
Added Member To Class: ClassName=Versterker Member=Component R2 1M
Added Member To Class: ClassName=Voeding Member=Component R3 65k
Added Member To Class: ClassName=Versterker Member=Component R9 10M
Add Class Member: Failed to add class member : Component R11 18k
Add Class Member: Failed to add class member : Component R12 18k
