Added Component: Designator=LD1(WL-SWTP_5630_L5.6W3H0.6)
Add component (AddParameter): Name = "Chip Technology"; Value = "InGaN"; VariantName = "[No Variations]"
Add component (AddParameter): Name = "Color Rendering Index"; Value = "85"; VariantName = "[No Variations]"
Add component (AddParameter): Name = "ComponentLink1Description"; Value = "Manufacturer Link"; VariantName = "[No Variations]"
Add component (AddParameter): Name = "ComponentLink1URL"; Value = "http://www.we-online.de"; VariantName = "[No Variations]"
Add component (AddParameter): Name = "ComponentLink2Description"; Value = "Datasheet"; VariantName = "[No Variations]"
Add component (AddParameter): Name = "ComponentLink2URL"; Value = "https://www.we-online.com/catalog/datasheet/158563260A.pdf"; VariantName = "[No Variations]"
Add component (AddParameter): Name = "Correlated Color Temperature"; Value = "6000K"; VariantName = "[No Variations]"
Add component (AddParameter): Name = "Emitting Color"; Value = "Cool White"; VariantName = "[No Variations]"
Add component (AddParameter): Name = "Forward Voltage"; Value = "2.8V"; VariantName = "[No Variations]"
Add component (AddParameter): Name = "Height"; Value = "0.6mm"; VariantName = "[No Variations]"
Add component (AddParameter): Name = "Length"; Value = "5.6mm"; VariantName = "[No Variations]"
Add component (AddParameter): Name = "Luminous Flux"; Value = "35lm"; VariantName = "[No Variations]"
Add component (AddParameter): Name = "Manufacturer"; Value = "Wurth Elektronik"; VariantName = "[No Variations]"
Add component (AddParameter): Name = "Manufacturer Part Number"; Value = "158563260A"; VariantName = "[No Variations]"
Add component (AddParameter): Name = "Mounting Technology"; Value = "SMT"; VariantName = "[No Variations]"
Add component (AddParameter): Name = "Operating Temperature max."; Value = "85C"; VariantName = "[No Variations]"
Add component (AddParameter): Name = "Operating Temperature min."; Value = "-40C"; VariantName = "[No Variations]"
Add component (AddParameter): Name = "Packaging"; Value = "Tape and Reel"; VariantName = "[No Variations]"
Add component (AddParameter): Name = "Size"; Value = "5630"; VariantName = "[No Variations]"
Add component (AddParameter): Name = "Viewing Angle"; Value = "120°"; VariantName = "[No Variations]"
Add component (AddParameter): Name = "Width"; Value = "3mm"; VariantName = "[No Variations]"
Added Component: Designator=LD2(WL-SWTP_5630_L5.6W3H0.6)
Add component (AddParameter): Name = "Chip Technology"; Value = "InGaN"; VariantName = "[No Variations]"
Add component (AddParameter): Name = "Color Rendering Index"; Value = "85"; VariantName = "[No Variations]"
Add component (AddParameter): Name = "ComponentLink1Description"; Value = "Manufacturer Link"; VariantName = "[No Variations]"
Add component (AddParameter): Name = "ComponentLink1URL"; Value = "http://www.we-online.de"; VariantName = "[No Variations]"
Add component (AddParameter): Name = "ComponentLink2Description"; Value = "Datasheet"; VariantName = "[No Variations]"
Add component (AddParameter): Name = "ComponentLink2URL"; Value = "https://www.we-online.com/catalog/datasheet/158563260A.pdf"; VariantName = "[No Variations]"
Add component (AddParameter): Name = "Correlated Color Temperature"; Value = "6000K"; VariantName = "[No Variations]"
Add component (AddParameter): Name = "Emitting Color"; Value = "Cool White"; VariantName = "[No Variations]"
Add component (AddParameter): Name = "Forward Voltage"; Value = "2.8V"; VariantName = "[No Variations]"
Add component (AddParameter): Name = "Height"; Value = "0.6mm"; VariantName = "[No Variations]"
Add component (AddParameter): Name = "Length"; Value = "5.6mm"; VariantName = "[No Variations]"
Add component (AddParameter): Name = "Luminous Flux"; Value = "35lm"; VariantName = "[No Variations]"
Add component (AddParameter): Name = "Manufacturer"; Value = "Wurth Elektronik"; VariantName = "[No Variations]"
Add component (AddParameter): Name = "Manufacturer Part Number"; Value = "158563260A"; VariantName = "[No Variations]"
Add component (AddParameter): Name = "Mounting Technology"; Value = "SMT"; VariantName = "[No Variations]"
Add component (AddParameter): Name = "Operating Temperature max."; Value = "85C"; VariantName = "[No Variations]"
Add component (AddParameter): Name = "Operating Temperature min."; Value = "-40C"; VariantName = "[No Variations]"
Add component (AddParameter): Name = "Packaging"; Value = "Tape and Reel"; VariantName = "[No Variations]"
Add component (AddParameter): Name = "Size"; Value = "5630"; VariantName = "[No Variations]"
Add component (AddParameter): Name = "Viewing Angle"; Value = "120°"; VariantName = "[No Variations]"
Add component (AddParameter): Name = "Width"; Value = "3mm"; VariantName = "[No Variations]"
Added Component: Designator=LD3(WL-SWTP_5630_L5.6W3H0.6)
Add component (AddParameter): Name = "Chip Technology"; Value = "InGaN"; VariantName = "[No Variations]"
Add component (AddParameter): Name = "Color Rendering Index"; Value = "85"; VariantName = "[No Variations]"
Add component (AddParameter): Name = "ComponentLink1Description"; Value = "Manufacturer Link"; VariantName = "[No Variations]"
Add component (AddParameter): Name = "ComponentLink1URL"; Value = "http://www.we-online.de"; VariantName = "[No Variations]"
Add component (AddParameter): Name = "ComponentLink2Description"; Value = "Datasheet"; VariantName = "[No Variations]"
Add component (AddParameter): Name = "ComponentLink2URL"; Value = "https://www.we-online.com/catalog/datasheet/158563260A.pdf"; VariantName = "[No Variations]"
Add component (AddParameter): Name = "Correlated Color Temperature"; Value = "6000K"; VariantName = "[No Variations]"
Add component (AddParameter): Name = "Emitting Color"; Value = "Cool White"; VariantName = "[No Variations]"
Add component (AddParameter): Name = "Forward Voltage"; Value = "2.8V"; VariantName = "[No Variations]"
Add component (AddParameter): Name = "Height"; Value = "0.6mm"; VariantName = "[No Variations]"
Add component (AddParameter): Name = "Length"; Value = "5.6mm"; VariantName = "[No Variations]"
Add component (AddParameter): Name = "Luminous Flux"; Value = "35lm"; VariantName = "[No Variations]"
Add component (AddParameter): Name = "Manufacturer"; Value = "Wurth Elektronik"; VariantName = "[No Variations]"
Add component (AddParameter): Name = "Manufacturer Part Number"; Value = "158563260A"; VariantName = "[No Variations]"
Add component (AddParameter): Name = "Mounting Technology"; Value = "SMT"; VariantName = "[No Variations]"
Add component (AddParameter): Name = "Operating Temperature max."; Value = "85C"; VariantName = "[No Variations]"
Add component (AddParameter): Name = "Operating Temperature min."; Value = "-40C"; VariantName = "[No Variations]"
Add component (AddParameter): Name = "Packaging"; Value = "Tape and Reel"; VariantName = "[No Variations]"
Add component (AddParameter): Name = "Size"; Value = "5630"; VariantName = "[No Variations]"
Add component (AddParameter): Name = "Viewing Angle"; Value = "120°"; VariantName = "[No Variations]"
Add component (AddParameter): Name = "Width"; Value = "3mm"; VariantName = "[No Variations]"
Added Component: Designator=LD4(WL-SWTP_5630_L5.6W3H0.6)
Add component (AddParameter): Name = "Chip Technology"; Value = "InGaN"; VariantName = "[No Variations]"
Add component (AddParameter): Name = "Color Rendering Index"; Value = "85"; VariantName = "[No Variations]"
Add component (AddParameter): Name = "ComponentLink1Description"; Value = "Manufacturer Link"; VariantName = "[No Variations]"
Add component (AddParameter): Name = "ComponentLink1URL"; Value = "http://www.we-online.de"; VariantName = "[No Variations]"
Add component (AddParameter): Name = "ComponentLink2Description"; Value = "Datasheet"; VariantName = "[No Variations]"
Add component (AddParameter): Name = "ComponentLink2URL"; Value = "https://www.we-online.com/catalog/datasheet/158563260A.pdf"; VariantName = "[No Variations]"
Add component (AddParameter): Name = "Correlated Color Temperature"; Value = "6000K"; VariantName = "[No Variations]"
Add component (AddParameter): Name = "Emitting Color"; Value = "Cool White"; VariantName = "[No Variations]"
Add component (AddParameter): Name = "Forward Voltage"; Value = "2.8V"; VariantName = "[No Variations]"
Add component (AddParameter): Name = "Height"; Value = "0.6mm"; VariantName = "[No Variations]"
Add component (AddParameter): Name = "Length"; Value = "5.6mm"; VariantName = "[No Variations]"
Add component (AddParameter): Name = "Luminous Flux"; Value = "35lm"; VariantName = "[No Variations]"
Add component (AddParameter): Name = "Manufacturer"; Value = "Wurth Elektronik"; VariantName = "[No Variations]"
Add component (AddParameter): Name = "Manufacturer Part Number"; Value = "158563260A"; VariantName = "[No Variations]"
Add component (AddParameter): Name = "Mounting Technology"; Value = "SMT"; VariantName = "[No Variations]"
Add component (AddParameter): Name = "Operating Temperature max."; Value = "85C"; VariantName = "[No Variations]"
Add component (AddParameter): Name = "Operating Temperature min."; Value = "-40C"; VariantName = "[No Variations]"
Add component (AddParameter): Name = "Packaging"; Value = "Tape and Reel"; VariantName = "[No Variations]"
Add component (AddParameter): Name = "Size"; Value = "5630"; VariantName = "[No Variations]"
Add component (AddParameter): Name = "Viewing Angle"; Value = "120°"; VariantName = "[No Variations]"
Add component (AddParameter): Name = "Width"; Value = "3mm"; VariantName = "[No Variations]"
Added Component: Designator=LD5(WL-SWTP_5630_L5.6W3H0.6)
Add component (AddParameter): Name = "Chip Technology"; Value = "InGaN"; VariantName = "[No Variations]"
Add component (AddParameter): Name = "Color Rendering Index"; Value = "85"; VariantName = "[No Variations]"
Add component (AddParameter): Name = "ComponentLink1Description"; Value = "Manufacturer Link"; VariantName = "[No Variations]"
Add component (AddParameter): Name = "ComponentLink1URL"; Value = "http://www.we-online.de"; VariantName = "[No Variations]"
Add component (AddParameter): Name = "ComponentLink2Description"; Value = "Datasheet"; VariantName = "[No Variations]"
Add component (AddParameter): Name = "ComponentLink2URL"; Value = "https://www.we-online.com/catalog/datasheet/158563260A.pdf"; VariantName = "[No Variations]"
Add component (AddParameter): Name = "Correlated Color Temperature"; Value = "6000K"; VariantName = "[No Variations]"
Add component (AddParameter): Name = "Emitting Color"; Value = "Cool White"; VariantName = "[No Variations]"
Add component (AddParameter): Name = "Forward Voltage"; Value = "2.8V"; VariantName = "[No Variations]"
Add component (AddParameter): Name = "Height"; Value = "0.6mm"; VariantName = "[No Variations]"
Add component (AddParameter): Name = "Length"; Value = "5.6mm"; VariantName = "[No Variations]"
Add component (AddParameter): Name = "Luminous Flux"; Value = "35lm"; VariantName = "[No Variations]"
Add component (AddParameter): Name = "Manufacturer"; Value = "Wurth Elektronik"; VariantName = "[No Variations]"
Add component (AddParameter): Name = "Manufacturer Part Number"; Value = "158563260A"; VariantName = "[No Variations]"
Add component (AddParameter): Name = "Mounting Technology"; Value = "SMT"; VariantName = "[No Variations]"
Add component (AddParameter): Name = "Operating Temperature max."; Value = "85C"; VariantName = "[No Variations]"
Add component (AddParameter): Name = "Operating Temperature min."; Value = "-40C"; VariantName = "[No Variations]"
Add component (AddParameter): Name = "Packaging"; Value = "Tape and Reel"; VariantName = "[No Variations]"
Add component (AddParameter): Name = "Size"; Value = "5630"; VariantName = "[No Variations]"
Add component (AddParameter): Name = "Viewing Angle"; Value = "120°"; VariantName = "[No Variations]"
Add component (AddParameter): Name = "Width"; Value = "3mm"; VariantName = "[No Variations]"
Added Component: Designator=LD6(WL-SWTP_5630_L5.6W3H0.6)
Add component (AddParameter): Name = "Chip Technology"; Value = "InGaN"; VariantName = "[No Variations]"
Add component (AddParameter): Name = "Color Rendering Index"; Value = "85"; VariantName = "[No Variations]"
Add component (AddParameter): Name = "ComponentLink1Description"; Value = "Manufacturer Link"; VariantName = "[No Variations]"
Add component (AddParameter): Name = "ComponentLink1URL"; Value = "http://www.we-online.de"; VariantName = "[No Variations]"
Add component (AddParameter): Name = "ComponentLink2Description"; Value = "Datasheet"; VariantName = "[No Variations]"
Add component (AddParameter): Name = "ComponentLink2URL"; Value = "https://www.we-online.com/catalog/datasheet/158563260A.pdf"; VariantName = "[No Variations]"
Add component (AddParameter): Name = "Correlated Color Temperature"; Value = "6000K"; VariantName = "[No Variations]"
Add component (AddParameter): Name = "Emitting Color"; Value = "Cool White"; VariantName = "[No Variations]"
Add component (AddParameter): Name = "Forward Voltage"; Value = "2.8V"; VariantName = "[No Variations]"
Add component (AddParameter): Name = "Height"; Value = "0.6mm"; VariantName = "[No Variations]"
Add component (AddParameter): Name = "Length"; Value = "5.6mm"; VariantName = "[No Variations]"
Add component (AddParameter): Name = "Luminous Flux"; Value = "35lm"; VariantName = "[No Variations]"
Add component (AddParameter): Name = "Manufacturer"; Value = "Wurth Elektronik"; VariantName = "[No Variations]"
Add component (AddParameter): Name = "Manufacturer Part Number"; Value = "158563260A"; VariantName = "[No Variations]"
Add component (AddParameter): Name = "Mounting Technology"; Value = "SMT"; VariantName = "[No Variations]"
Add component (AddParameter): Name = "Operating Temperature max."; Value = "85C"; VariantName = "[No Variations]"
Add component (AddParameter): Name = "Operating Temperature min."; Value = "-40C"; VariantName = "[No Variations]"
Add component (AddParameter): Name = "Packaging"; Value = "Tape and Reel"; VariantName = "[No Variations]"
Add component (AddParameter): Name = "Size"; Value = "5630"; VariantName = "[No Variations]"
Add component (AddParameter): Name = "Viewing Angle"; Value = "120°"; VariantName = "[No Variations]"
Add component (AddParameter): Name = "Width"; Value = "3mm"; VariantName = "[No Variations]"
Added Component: Designator=R50(Weerstand LEDS)
Add component (AddParameter): Name = "Datasheet Link"; Value = "https://www.te.com/commerce/DocumentDelivery/DDEController?Action=showdoc&DocId=Data+Sheet%7F9-1773463-6%7FA%7Fpdf%7FEnglish%7FENG_DS_9-1773463-6_A.pdf%7F2176083-1"; VariantName = "[No Variations]"
Add component (AddParameter): Name = "Manufacturer_Name"; Value = "TE Connectivity"; VariantName = "[No Variations]"
Add component (AddParameter): Name = "Manufacturer_Part_Number"; Value = "EP5WS10RJ"; VariantName = "[No Variations]"
Add component (AddParameter): Name = "Mouser2 Part Number"; Value = ""; VariantName = "[No Variations]"
Add component (AddParameter): Name = "Mouser2 Price/Stock"; Value = ""; VariantName = "[No Variations]"
Added Component: Designator=R51(Weerstand LEDS)
Add component (AddParameter): Name = "Datasheet Link"; Value = "https://www.te.com/commerce/DocumentDelivery/DDEController?Action=showdoc&DocId=Data+Sheet%7F9-1773463-6%7FA%7Fpdf%7FEnglish%7FENG_DS_9-1773463-6_A.pdf%7F2176083-1"; VariantName = "[No Variations]"
Add component (AddParameter): Name = "Manufacturer_Name"; Value = "TE Connectivity"; VariantName = "[No Variations]"
Add component (AddParameter): Name = "Manufacturer_Part_Number"; Value = "EP5WS10RJ"; VariantName = "[No Variations]"
Add component (AddParameter): Name = "Mouser2 Part Number"; Value = ""; VariantName = "[No Variations]"
Add component (AddParameter): Name = "Mouser2 Price/Stock"; Value = ""; VariantName = "[No Variations]"
Added Pin To Net: NetName=+5 Pin=R50-1
Added Pin To Net: NetName=+5 Pin=R51-1
Added Net: Name=+5
Added Pin To Net: NetName=GND Pin=LD3-1
Added Pin To Net: NetName=GND Pin=LD6-1
Added Net: Name=GND
Added Net: Name=NetBR1_1
Added Net: Name=NetBR1_2
Added Net: Name=NetBR1_3
Added Net: Name=NetBR2_2
Added Net: Name=NetC7_2
Added Net: Name=NetC11_2
Added Net: Name=NetC13_2
Added Net: Name=NetC14_1
Added Net: Name=NetC14_2
Added Net: Name=NetC22_2
Added Net: Name=NetC23_2
Added Net: Name=NetC24_2
Added Net: Name=NetDS1_1
Added Net: Name=NetDS1_2
Added Net: Name=NetDS1_4
Added Net: Name=NetDS1_5
Added Net: Name=NetDS1_6
Added Net: Name=NetDS1_7
Added Net: Name=NetDS1_8
Added Net: Name=NetDS1_9
Added Net: Name=NetDS1_10
Added Net: Name=NetDS2_8
Added Net: Name=NetDS3_8
Added Net: Name=NetDS4_8
Added Net: Name=NetIC1_17
Added Net: Name=NetIC1_18
Added Net: Name=NetIC2_1
Added Net: Name=NetIC2_2
Added Net: Name=NetIC2_6
Added Net: Name=NetIC2_7
Added Net: Name=NetIC3_1
Added Net: Name=NetIC3_2
Added Net: Name=NetIC3_7
Added Net: Name=NetIC3_8
Added Net: Name=NetIC3_12
Added Net: Name=NetIC3_13
Added Net: Name=NetIC3_14
Added Net: Name=NetIC3_15
Added Net: Name=NetIC3_16
Added Net: Name=NetIC3_19
Added Net: Name=NetIC3_20
Added Net: Name=NetIC3_21
Added Net: Name=NetIC3_22
Added Net: Name=NetIC3_23
Added Net: Name=NetIC3_24
Added Net: Name=NetIC3_27
Added Net: Name=NetIC3_28
Added Net: Name=NetIC3_30
Added Net: Name=NetIC3_33
Added Net: Name=NetIC3_34
Added Net: Name=NetIC3_35
Added Net: Name=NetIC3_36
Added Net: Name=NetIC3_37
Added Net: Name=NetIC3_38
Added Net: Name=NetIC3_39
Added Net: Name=NetIC3_40
Added Net: Name=NetK1_1
Added Net: Name=NetK2_2
Added Net: Name=NetK3_2
Added Net: Name=NetK8_1
Added Net: Name=NetK8_2
Added Net: Name=NetL2_4
Added Pin To Net: NetName=NetLD1_1 Pin=LD1-1
Added Pin To Net: NetName=NetLD1_1 Pin=LD2-2
Added Net: Name=NetLD1_1
Added Pin To Net: NetName=NetLD1_2 Pin=LD1-2
Added Pin To Net: NetName=NetLD1_2 Pin=R50-2
Added Net: Name=NetLD1_2
Added Pin To Net: NetName=NetLD2_1 Pin=LD2-1
Added Pin To Net: NetName=NetLD2_1 Pin=LD3-2
Added Net: Name=NetLD2_1
Added Pin To Net: NetName=NetLD4_1 Pin=LD4-1
Added Pin To Net: NetName=NetLD4_1 Pin=LD5-2
Added Net: Name=NetLD4_1
Added Pin To Net: NetName=NetLD4_2 Pin=LD4-2
Added Pin To Net: NetName=NetLD4_2 Pin=R51-2
Added Net: Name=NetLD4_2
Added Pin To Net: NetName=NetLD5_1 Pin=LD5-1
Added Pin To Net: NetName=NetLD5_1 Pin=LD6-2
Added Net: Name=NetLD5_1
Added Net: Name=NetR7_1
Added Net: Name=NetR11_1
Added Net: Name=NetR17_1
Added Net: Name=NetR18_1
Added Net: Name=NetR18_2
Added Net: Name=RegT4-MainR19
Added Net: Name=VerR5-mainIO9
Added Net: Name=VerR14-mainIO10
Added Net: Name=Vin
Added Net: Name=VoeR6R3-mainIO11
Added Net: Name=VoeRE1mainT1
Added Class: Name=Led
Added Room: Name=Led
