Replace Part C8 CAP 0.1µF (100nF) in D:\PXL\ALTIUM_PCB_DESIGN\1_EAIC\PO_Soldeerstation\MainIC.SchDoc with CAP 0.1µF (100nF) from PO_SS_Lib.SchLib
Replace Part C9 CAP 0.1µF (100nF) in D:\PXL\ALTIUM_PCB_DESIGN\1_EAIC\PO_Soldeerstation\MainIC.SchDoc with CAP 0.1µF (100nF) from PO_SS_Lib.SchLib
Replace Part C10 ELCAP 10µF in D:\PXL\ALTIUM_PCB_DESIGN\1_EAIC\PO_Soldeerstation\MainIC.SchDoc with ELCAP 10µF from PO_SS_Lib.SchLib
Replace Part C11 CAP 0.1µF (100nF) in D:\PXL\ALTIUM_PCB_DESIGN\1_EAIC\PO_Soldeerstation\MainIC.SchDoc with CAP 0.1µF (100nF) from PO_SS_Lib.SchLib
Replace Part C14 CAP 0.1µF (100nF) in D:\PXL\ALTIUM_PCB_DESIGN\1_EAIC\PO_Soldeerstation\MainIC.SchDoc with CAP 0.1µF (100nF) from PO_SS_Lib.SchLib
Replace Part D3 D 1N4148 in D:\PXL\ALTIUM_PCB_DESIGN\1_EAIC\PO_Soldeerstation\MainIC.SchDoc with D 1N4148 from PO_SS_Lib.SchLib
Replace Part IC3 ATMEGA4809-PF in D:\PXL\ALTIUM_PCB_DESIGN\1_EAIC\PO_Soldeerstation\MainIC.SchDoc with ATMEGA4809-PF from PO_SS_Lib.SchLib
Replace Part K4 Header 1x3pin in D:\PXL\ALTIUM_PCB_DESIGN\1_EAIC\PO_Soldeerstation\MainIC.SchDoc with Header 1x3pin from PO_SS_Lib.SchLib
Replace Part K5 Header 1x2pin in D:\PXL\ALTIUM_PCB_DESIGN\1_EAIC\PO_Soldeerstation\MainIC.SchDoc with Header 1x2pin from PO_SS_Lib.SchLib
Replace Part K6 Header 1x4pin in D:\PXL\ALTIUM_PCB_DESIGN\1_EAIC\PO_Soldeerstation\MainIC.SchDoc with Header 1x4pin from PO_SS_Lib.SchLib
Replace Part K7 Header 1x3pin in D:\PXL\ALTIUM_PCB_DESIGN\1_EAIC\PO_Soldeerstation\MainIC.SchDoc with Header 1x3pin from PO_SS_Lib.SchLib
Replace Part K9 Header 1x 5pin in D:\PXL\ALTIUM_PCB_DESIGN\1_EAIC\PO_Soldeerstation\MainIC.SchDoc with Header 1x 5pin from PO_SS_Lib.SchLib
Replace Part K10 Header 1x3pin in D:\PXL\ALTIUM_PCB_DESIGN\1_EAIC\PO_Soldeerstation\MainIC.SchDoc with Header 1x3pin from PO_SS_Lib.SchLib
Replace Part K11 Header 2x3 in D:\PXL\ALTIUM_PCB_DESIGN\1_EAIC\PO_Soldeerstation\MainIC.SchDoc with Header 2x3 from PO_SS_Lib.SchLib
Replace Part K12 Header 2x5 in D:\PXL\ALTIUM_PCB_DESIGN\1_EAIC\PO_Soldeerstation\MainIC.SchDoc with Header 2x5 from PO_SS_Lib.SchLib
Replace Part L1 spoel WE klein in D:\PXL\ALTIUM_PCB_DESIGN\1_EAIC\PO_Soldeerstation\MainIC.SchDoc with spoel WE klein from PO_SS_Lib.SchLib
Replace Part R7 RES 10k 0805 in D:\PXL\ALTIUM_PCB_DESIGN\1_EAIC\PO_Soldeerstation\MainIC.SchDoc with RES 10k 0805 from PO_SS_Lib.SchLib
Replace Part R10 RES 4k7 0805 in D:\PXL\ALTIUM_PCB_DESIGN\1_EAIC\PO_Soldeerstation\MainIC.SchDoc with RES 4k7 0805 from PO_SS_Lib.SchLib
Replace Part R16 RES 4k7 0805 in D:\PXL\ALTIUM_PCB_DESIGN\1_EAIC\PO_Soldeerstation\MainIC.SchDoc with RES 4k7 0805 from PO_SS_Lib.SchLib
Replace Part R19 RES 10k 0805 in D:\PXL\ALTIUM_PCB_DESIGN\1_EAIC\PO_Soldeerstation\MainIC.SchDoc with RES 10k 0805 from PO_SS_Lib.SchLib
Replace Part R21 RES 4k7 0805 in D:\PXL\ALTIUM_PCB_DESIGN\1_EAIC\PO_Soldeerstation\MainIC.SchDoc with RES 4k7 0805 from PO_SS_Lib.SchLib
Replace Part R22 RES 4k7 0805 in D:\PXL\ALTIUM_PCB_DESIGN\1_EAIC\PO_Soldeerstation\MainIC.SchDoc with RES 4k7 0805 from PO_SS_Lib.SchLib
Replace Part T1 TR BC547CTFR in D:\PXL\ALTIUM_PCB_DESIGN\1_EAIC\PO_Soldeerstation\MainIC.SchDoc with TR BC547CTFR from PO_SS_Lib.SchLib
